<?xml version="1.0" encoding="UTF-8"?>
<coverage generated="1583391501623" clover="3.2.0">
  <project timestamp="1583391501623" name="All files">
    <metrics statements="254" coveredstatements="254" conditionals="88" coveredconditionals="88" methods="36" coveredmethods="36" elements="378" coveredelements="378" complexity="0" loc="254" ncloc="254" packages="1" files="2" classes="2"/>
    <file name="index.js" path="/Users/djiang/Code/Mine/fraction calculator/src/index.js">
      <metrics statements="204" coveredstatements="204" conditionals="72" coveredconditionals="72" methods="29" coveredmethods="29"/>
      <line num="12" count="174" type="stmt"/>
      <line num="15" count="1" type="stmt"/>
      <line num="17" count="1" type="stmt"/>
      <line num="18" count="174" type="stmt"/>
      <line num="20" count="1" type="stmt"/>
      <line num="25" count="81" type="stmt"/>
      <line num="27" count="81" type="cond" truecount="2" falsecount="0"/>
      <line num="28" count="1" type="stmt"/>
      <line num="31" count="80" type="cond" truecount="2" falsecount="0"/>
      <line num="32" count="38" type="stmt"/>
      <line num="37" count="42" type="stmt"/>
      <line num="38" count="42" type="stmt"/>
      <line num="43" count="42" type="stmt"/>
      <line num="48" count="18" type="stmt"/>
      <line num="49" count="18" type="cond" truecount="2" falsecount="0"/>
      <line num="50" count="18" type="stmt"/>
      <line num="51" count="18" type="stmt"/>
      <line num="52" count="18" type="stmt"/>
      <line num="53" count="18" type="stmt"/>
      <line num="54" count="18" type="stmt"/>
      <line num="56" count="18" type="stmt"/>
      <line num="57" count="18" type="stmt"/>
      <line num="59" count="18" type="stmt"/>
      <line num="60" count="18" type="stmt"/>
      <line num="61" count="44" type="stmt"/>
      <line num="63" count="18" type="stmt"/>
      <line num="64" count="18" type="stmt"/>
      <line num="66" count="18" type="stmt"/>
      <line num="72" count="18" type="stmt"/>
      <line num="74" count="18" type="stmt"/>
      <line num="79" count="18" type="stmt"/>
      <line num="83" count="217" type="stmt"/>
      <line num="84" count="217" type="stmt"/>
      <line num="85" count="217" type="stmt"/>
      <line num="86" count="217" type="cond" truecount="2" falsecount="0"/>
      <line num="87" count="74" type="stmt"/>
      <line num="88" count="74" type="stmt"/>
      <line num="89" count="143" type="cond" truecount="2" falsecount="0"/>
      <line num="90" count="1" type="stmt"/>
      <line num="94" count="217" type="stmt"/>
      <line num="95" count="217" type="stmt"/>
      <line num="96" count="217" type="cond" truecount="2" falsecount="0"/>
      <line num="97" count="8" type="stmt"/>
      <line num="98" count="209" type="cond" truecount="2" falsecount="0"/>
      <line num="99" count="10" type="stmt"/>
      <line num="102" count="199" type="stmt"/>
      <line num="104" count="199" type="cond" truecount="2" falsecount="0"/>
      <line num="105" count="8" type="stmt"/>
      <line num="106" count="8" type="stmt"/>
      <line num="107" count="8" type="stmt"/>
      <line num="110" count="199" type="stmt"/>
      <line num="111" count="199" type="stmt"/>
      <line num="113" count="199" type="cond" truecount="2" falsecount="0"/>
      <line num="114" count="8" type="stmt"/>
      <line num="115" count="8" type="cond" truecount="2" falsecount="0"/>
      <line num="116" count="8" type="stmt"/>
      <line num="121" count="8" type="stmt"/>
      <line num="123" count="8" type="stmt"/>
      <line num="125" count="191" type="cond" truecount="2" falsecount="0"/>
      <line num="127" count="191" type="cond" truecount="2" falsecount="0"/>
      <line num="128" count="5" type="stmt"/>
      <line num="129" count="186" type="cond" truecount="2" falsecount="0"/>
      <line num="130" count="1" type="stmt"/>
      <line num="132" count="185" type="stmt"/>
      <line num="137" count="185" type="stmt"/>
      <line num="139" count="185" type="stmt"/>
      <line num="144" count="1" type="stmt"/>
      <line num="145" count="307" type="cond" truecount="2" falsecount="0"/>
      <line num="150" count="4" type="stmt"/>
      <line num="155" count="4" type="stmt"/>
      <line num="157" count="4" type="stmt"/>
      <line num="158" count="303" type="cond" truecount="2" falsecount="0"/>
      <line num="159" count="76" type="stmt"/>
      <line num="160" count="227" type="cond" truecount="2" falsecount="0"/>
      <line num="161" count="217" type="stmt"/>
      <line num="162" count="10" type="cond" truecount="2" falsecount="0"/>
      <line num="163" count="9" type="stmt"/>
      <line num="166" count="1" type="stmt"/>
      <line num="170" count="1" type="stmt"/>
      <line num="173" count="1" type="stmt"/>
      <line num="174" count="1" type="stmt"/>
      <line num="175" count="5" type="cond" truecount="4" falsecount="0"/>
      <line num="176" count="4" type="stmt"/>
      <line num="179" count="1" type="stmt"/>
      <line num="182" count="1" type="stmt"/>
      <line num="183" count="4" type="cond" truecount="4" falsecount="0"/>
      <line num="184" count="3" type="stmt"/>
      <line num="187" count="1" type="stmt"/>
      <line num="191" count="1" type="cond" truecount="1" falsecount="0"/>
      <line num="192" count="79" type="stmt"/>
      <line num="194" count="79" type="cond" truecount="2" falsecount="0"/>
      <line num="195" count="78" type="stmt"/>
      <line num="198" count="79" type="stmt"/>
      <line num="200" count="79" type="cond" truecount="2" falsecount="0"/>
      <line num="201" count="10" type="stmt"/>
      <line num="204" count="69" type="cond" truecount="2" falsecount="0"/>
      <line num="205" count="5" type="stmt"/>
      <line num="208" count="64" type="cond" truecount="2" falsecount="0"/>
      <line num="209" count="8" type="stmt"/>
      <line num="210" count="8" type="stmt"/>
      <line num="212" count="8" type="cond" truecount="2" falsecount="0"/>
      <line num="213" count="5" type="stmt"/>
      <line num="217" count="59" type="stmt"/>
      <line num="220" count="1" type="stmt"/>
      <line num="223" count="2" type="stmt"/>
      <line num="225" count="2" type="stmt"/>
      <line num="228" count="1" type="stmt"/>
      <line num="231" count="3" type="stmt"/>
      <line num="233" count="3" type="stmt"/>
      <line num="236" count="1" type="stmt"/>
      <line num="237" count="34" type="stmt"/>
      <line num="239" count="34" type="stmt"/>
      <line num="241" count="34" type="stmt"/>
      <line num="242" count="34" type="stmt"/>
      <line num="243" count="34" type="cond" truecount="2" falsecount="0"/>
      <line num="244" count="17" type="stmt"/>
      <line num="245" count="17" type="stmt"/>
      <line num="248" count="34" type="stmt"/>
      <line num="249" count="34" type="stmt"/>
      <line num="251" count="34" type="cond" truecount="2" falsecount="0"/>
      <line num="252" count="34" type="cond" truecount="2" falsecount="0"/>
      <line num="253" count="2" type="stmt"/>
      <line num="256" count="32" type="stmt"/>
      <line num="258" count="32" type="stmt"/>
      <line num="261" count="1" type="stmt"/>
      <line num="262" count="66" type="stmt"/>
      <line num="263" count="66" type="stmt"/>
      <line num="264" count="66" type="stmt"/>
      <line num="269" count="66" type="stmt"/>
      <line num="270" count="66" type="stmt"/>
      <line num="272" count="66" type="stmt"/>
      <line num="277" count="66" type="stmt"/>
      <line num="279" count="66" type="stmt"/>
      <line num="282" count="1" type="stmt"/>
      <line num="283" count="21" type="stmt"/>
      <line num="284" count="21" type="stmt"/>
      <line num="286" count="21" type="stmt"/>
      <line num="289" count="1" type="stmt"/>
      <line num="290" count="29" type="stmt"/>
      <line num="291" count="29" type="stmt"/>
      <line num="293" count="29" type="stmt"/>
      <line num="298" count="29" type="stmt"/>
      <line num="300" count="29" type="stmt"/>
      <line num="302" count="29" type="stmt"/>
      <line num="305" count="1" type="stmt"/>
      <line num="306" count="17" type="stmt"/>
      <line num="307" count="17" type="stmt"/>
      <line num="309" count="17" type="stmt"/>
      <line num="312" count="1" type="stmt"/>
      <line num="315" count="13" type="stmt"/>
      <line num="317" count="13" type="stmt"/>
      <line num="318" count="13" type="stmt"/>
      <line num="321" count="13" type="cond" truecount="4" falsecount="0"/>
      <line num="322" count="12" type="cond" truecount="2" falsecount="0"/>
      <line num="323" count="3" type="stmt"/>
      <line num="328" count="9" type="stmt"/>
      <line num="334" count="12" type="stmt"/>
      <line num="335" count="12" type="stmt"/>
      <line num="337" count="12" type="stmt"/>
      <line num="339" count="1" type="stmt"/>
      <line num="343" count="1" type="stmt"/>
      <line num="346" count="5" type="stmt"/>
      <line num="348" count="5" type="cond" truecount="2" falsecount="0"/>
      <line num="349" count="1" type="stmt"/>
      <line num="352" count="4" type="stmt"/>
      <line num="355" count="1" type="stmt"/>
      <line num="358" count="2" type="stmt"/>
      <line num="360" count="2" type="stmt"/>
      <line num="362" count="2" type="stmt"/>
      <line num="365" count="1" type="stmt"/>
      <line num="368" count="2" type="stmt"/>
      <line num="370" count="2" type="stmt"/>
      <line num="372" count="2" type="stmt"/>
      <line num="375" count="1" type="stmt"/>
      <line num="378" count="2" type="stmt"/>
      <line num="380" count="2" type="stmt"/>
      <line num="385" count="2" type="stmt"/>
      <line num="387" count="2" type="stmt"/>
      <line num="390" count="1" type="stmt"/>
      <line num="391" count="4" type="stmt"/>
      <line num="394" count="1" type="stmt"/>
      <line num="397" count="2" type="stmt"/>
      <line num="399" count="2" type="stmt"/>
      <line num="402" count="1" type="stmt"/>
      <line num="405" count="2" type="stmt"/>
      <line num="407" count="2" type="stmt"/>
      <line num="410" count="1" type="stmt"/>
      <line num="413" count="2" type="stmt"/>
      <line num="415" count="2" type="stmt"/>
      <line num="418" count="1" type="stmt"/>
      <line num="419" count="3" type="stmt"/>
      <line num="421" count="3" type="stmt"/>
      <line num="424" count="1" type="stmt"/>
      <line num="425" count="3" type="stmt"/>
      <line num="427" count="3" type="stmt"/>
      <line num="430" count="1" type="stmt"/>
      <line num="431" count="3" type="stmt"/>
      <line num="433" count="3" type="stmt"/>
      <line num="436" count="1" type="stmt"/>
      <line num="437" count="3" type="stmt"/>
      <line num="440" count="3" type="stmt"/>
      <line num="441" count="3" type="stmt"/>
      <line num="442" count="3" type="stmt"/>
      <line num="444" count="3" type="stmt"/>
    </file>
    <file name="utils.js" path="/Users/djiang/Code/Mine/fraction calculator/src/utils.js">
      <metrics statements="50" coveredstatements="50" conditionals="16" coveredconditionals="16" methods="7" coveredmethods="7"/>
      <line num="4" count="190" type="stmt"/>
      <line num="5" count="190" type="stmt"/>
      <line num="6" count="190" type="stmt"/>
      <line num="8" count="190" type="stmt"/>
      <line num="9" count="526" type="stmt"/>
      <line num="10" count="526" type="stmt"/>
      <line num="11" count="526" type="stmt"/>
      <line num="14" count="190" type="stmt"/>
      <line num="22" count="72" type="stmt"/>
      <line num="26" count="241" type="stmt"/>
      <line num="28" count="241" type="cond" truecount="4" falsecount="0"/>
      <line num="29" count="4" type="stmt"/>
      <line num="33" count="237" type="cond" truecount="4" falsecount="0"/>
      <line num="34" count="81" type="stmt"/>
      <line num="40" count="156" type="stmt"/>
      <line num="44" count="112" type="stmt"/>
      <line num="46" count="112" type="cond" truecount="4" falsecount="0"/>
      <line num="47" count="111" type="stmt"/>
      <line num="49" count="111" type="stmt"/>
      <line num="54" count="111" type="stmt"/>
      <line num="57" count="1" type="stmt"/>
      <line num="61" count="66" type="stmt"/>
      <line num="62" count="66" type="stmt"/>
      <line num="63" count="66" type="stmt"/>
      <line num="64" count="66" type="stmt"/>
      <line num="65" count="66" type="stmt"/>
      <line num="67" count="66" type="stmt"/>
      <line num="68" count="66" type="stmt"/>
      <line num="70" count="66" type="stmt"/>
      <line num="83" count="45" type="stmt"/>
      <line num="85" count="45" type="stmt"/>
      <line num="87" count="45" type="stmt"/>
      <line num="92" count="32" type="stmt"/>
      <line num="93" count="32" type="stmt"/>
      <line num="96" count="32" type="stmt"/>
      <line num="98" count="32" type="stmt"/>
      <line num="99" count="524" type="stmt"/>
      <line num="101" count="524" type="cond" truecount="2" falsecount="0"/>
      <line num="102" count="2" type="stmt"/>
      <line num="105" count="522" type="stmt"/>
      <line num="106" count="522" type="cond" truecount="2" falsecount="0"/>
      <line num="107" count="30" type="stmt"/>
      <line num="108" count="30" type="stmt"/>
      <line num="109" count="30" type="stmt"/>
      <line num="111" count="30" type="stmt"/>
      <line num="114" count="492" type="stmt"/>
      <line num="115" count="492" type="stmt"/>
      <line num="116" count="492" type="stmt"/>
      <line num="118" count="492" type="stmt"/>
      <line num="119" count="492" type="stmt"/>
    </file>
  </project>
</coverage>
