<?xml version="1.0" encoding="UTF-8"?>
<coverage generated="1583140590601" clover="3.2.0">
  <project timestamp="1583140590601" name="All files">
    <metrics statements="186" coveredstatements="149" conditionals="65" coveredconditionals="54" methods="32" coveredmethods="19" elements="283" coveredelements="222" complexity="0" loc="186" ncloc="186" packages="1" files="2" classes="2"/>
    <file name="index.js" path="/Users/djiang/Code/Mine/fraction calculator/src/index.js">
      <metrics statements="117" coveredstatements="80" conditionals="33" coveredconditionals="22" methods="24" coveredmethods="11"/>
      <line num="10" count="61" type="stmt"/>
      <line num="13" count="1" type="stmt"/>
      <line num="15" count="1" type="stmt"/>
      <line num="16" count="61" type="stmt"/>
      <line num="18" count="1" type="stmt"/>
      <line num="21" count="1" type="stmt"/>
      <line num="22" count="124" type="cond" truecount="2" falsecount="0"/>
      <line num="23" count="43" type="stmt"/>
      <line num="24" count="81" type="cond" truecount="2" falsecount="0"/>
      <line num="25" count="78" type="stmt"/>
      <line num="26" count="3" type="cond" truecount="2" falsecount="0"/>
      <line num="27" count="2" type="stmt"/>
      <line num="30" count="1" type="stmt"/>
      <line num="34" count="1" type="stmt"/>
      <line num="35" count="1" type="stmt"/>
      <line num="36" count="0" type="cond" truecount="0" falsecount="4"/>
      <line num="37" count="0" type="stmt"/>
      <line num="40" count="0" type="stmt"/>
      <line num="43" count="1" type="stmt"/>
      <line num="44" count="0" type="cond" truecount="0" falsecount="4"/>
      <line num="45" count="0" type="stmt"/>
      <line num="48" count="0" type="stmt"/>
      <line num="51" count="1" type="cond" truecount="1" falsecount="0"/>
      <line num="54" count="47" type="stmt"/>
      <line num="56" count="47" type="cond" truecount="2" falsecount="0"/>
      <line num="57" count="9" type="stmt"/>
      <line num="60" count="38" type="cond" truecount="2" falsecount="0"/>
      <line num="61" count="3" type="stmt"/>
      <line num="64" count="35" type="cond" truecount="2" falsecount="0"/>
      <line num="65" count="3" type="stmt"/>
      <line num="66" count="3" type="stmt"/>
      <line num="68" count="3" type="cond" truecount="2" falsecount="0"/>
      <line num="69" count="2" type="stmt"/>
      <line num="73" count="33" type="stmt"/>
      <line num="76" count="1" type="stmt"/>
      <line num="79" count="2" type="stmt"/>
      <line num="81" count="2" type="stmt"/>
      <line num="85" count="1" type="stmt"/>
      <line num="86" count="17" type="stmt"/>
      <line num="87" count="17" type="stmt"/>
      <line num="88" count="17" type="stmt"/>
      <line num="93" count="17" type="stmt"/>
      <line num="94" count="17" type="stmt"/>
      <line num="96" count="17" type="stmt"/>
      <line num="101" count="17" type="stmt"/>
      <line num="102" count="17" type="stmt"/>
      <line num="105" count="1" type="stmt"/>
      <line num="106" count="9" type="stmt"/>
      <line num="107" count="9" type="stmt"/>
      <line num="109" count="9" type="stmt"/>
      <line num="112" count="1" type="stmt"/>
      <line num="113" count="23" type="stmt"/>
      <line num="114" count="23" type="stmt"/>
      <line num="116" count="23" type="stmt"/>
      <line num="121" count="23" type="stmt"/>
      <line num="122" count="23" type="stmt"/>
      <line num="125" count="1" type="stmt"/>
      <line num="126" count="14" type="stmt"/>
      <line num="127" count="14" type="stmt"/>
      <line num="129" count="14" type="stmt"/>
      <line num="132" count="1" type="stmt"/>
      <line num="135" count="9" type="stmt"/>
      <line num="137" count="9" type="stmt"/>
      <line num="138" count="9" type="stmt"/>
      <line num="141" count="9" type="cond" truecount="3" falsecount="1"/>
      <line num="142" count="9" type="cond" truecount="2" falsecount="0"/>
      <line num="143" count="3" type="stmt"/>
      <line num="147" count="6" type="cond" truecount="1" falsecount="1"/>
      <line num="148" count="0" type="stmt"/>
      <line num="153" count="6" type="stmt"/>
      <line num="159" count="9" type="stmt"/>
      <line num="160" count="9" type="stmt"/>
      <line num="162" count="0" type="stmt"/>
      <line num="166" count="1" type="stmt"/>
      <line num="169" count="2" type="stmt"/>
      <line num="171" count="2" type="cond" truecount="1" falsecount="1"/>
      <line num="172" count="0" type="stmt"/>
      <line num="175" count="2" type="stmt"/>
      <line num="178" count="1" type="stmt"/>
      <line num="181" count="0" type="stmt"/>
      <line num="183" count="0" type="stmt"/>
      <line num="185" count="0" type="stmt"/>
      <line num="188" count="1" type="stmt"/>
      <line num="191" count="0" type="stmt"/>
      <line num="193" count="0" type="stmt"/>
      <line num="195" count="0" type="stmt"/>
      <line num="198" count="1" type="stmt"/>
      <line num="201" count="0" type="stmt"/>
      <line num="203" count="0" type="stmt"/>
      <line num="208" count="0" type="stmt"/>
      <line num="210" count="0" type="stmt"/>
      <line num="213" count="1" type="stmt"/>
      <line num="214" count="0" type="stmt"/>
      <line num="217" count="1" type="stmt"/>
      <line num="220" count="0" type="stmt"/>
      <line num="222" count="0" type="stmt"/>
      <line num="225" count="1" type="stmt"/>
      <line num="228" count="0" type="stmt"/>
      <line num="230" count="0" type="stmt"/>
      <line num="233" count="1" type="stmt"/>
      <line num="236" count="0" type="stmt"/>
      <line num="238" count="0" type="stmt"/>
      <line num="241" count="1" type="stmt"/>
      <line num="242" count="0" type="stmt"/>
      <line num="244" count="0" type="stmt"/>
      <line num="247" count="1" type="stmt"/>
      <line num="248" count="0" type="stmt"/>
      <line num="250" count="0" type="stmt"/>
      <line num="253" count="1" type="stmt"/>
      <line num="254" count="0" type="stmt"/>
      <line num="256" count="0" type="stmt"/>
      <line num="259" count="1" type="stmt"/>
      <line num="260" count="0" type="stmt"/>
      <line num="263" count="0" type="stmt"/>
      <line num="264" count="0" type="stmt"/>
      <line num="265" count="0" type="stmt"/>
      <line num="267" count="0" type="stmt"/>
    </file>
    <file name="utils.js" path="/Users/djiang/Code/Mine/fraction calculator/src/utils.js">
      <metrics statements="69" coveredstatements="69" conditionals="32" coveredconditionals="32" methods="8" coveredmethods="8"/>
      <line num="4" count="179" type="stmt"/>
      <line num="6" count="179" type="stmt"/>
      <line num="7" count="331" type="stmt"/>
      <line num="8" count="331" type="stmt"/>
      <line num="9" count="331" type="stmt"/>
      <line num="12" count="179" type="stmt"/>
      <line num="20" count="20" type="stmt"/>
      <line num="24" count="157" type="stmt"/>
      <line num="26" count="157" type="cond" truecount="4" falsecount="0"/>
      <line num="27" count="1" type="stmt"/>
      <line num="31" count="156" type="cond" truecount="4" falsecount="0"/>
      <line num="32" count="64" type="stmt"/>
      <line num="38" count="92" type="stmt"/>
      <line num="42" count="157" type="stmt"/>
      <line num="44" count="157" type="cond" truecount="4" falsecount="0"/>
      <line num="45" count="156" type="stmt"/>
      <line num="47" count="156" type="stmt"/>
      <line num="52" count="156" type="stmt"/>
      <line num="54" count="156" type="stmt"/>
      <line num="57" count="1" type="stmt"/>
      <line num="61" count="17" type="stmt"/>
      <line num="62" count="17" type="stmt"/>
      <line num="63" count="17" type="stmt"/>
      <line num="64" count="17" type="stmt"/>
      <line num="65" count="17" type="stmt"/>
      <line num="67" count="17" type="stmt"/>
      <line num="68" count="17" type="stmt"/>
      <line num="70" count="17" type="stmt"/>
      <line num="83" count="38" type="stmt"/>
      <line num="85" count="38" type="stmt"/>
      <line num="87" count="38" type="stmt"/>
      <line num="91" count="49" type="stmt"/>
      <line num="93" count="49" type="cond" truecount="2" falsecount="0"/>
      <line num="94" count="1" type="stmt"/>
      <line num="97" count="48" type="cond" truecount="2" falsecount="0"/>
      <line num="98" count="13" type="stmt"/>
      <line num="103" count="35" type="stmt"/>
      <line num="104" count="35" type="stmt"/>
      <line num="109" count="35" type="stmt"/>
      <line num="111" count="35" type="stmt"/>
      <line num="116" count="79" type="stmt"/>
      <line num="117" count="79" type="stmt"/>
      <line num="118" count="79" type="stmt"/>
      <line num="119" count="79" type="cond" truecount="2" falsecount="0"/>
      <line num="120" count="29" type="stmt"/>
      <line num="121" count="29" type="stmt"/>
      <line num="122" count="50" type="cond" truecount="2" falsecount="0"/>
      <line num="123" count="1" type="stmt"/>
      <line num="126" count="79" type="stmt"/>
      <line num="128" count="79" type="cond" truecount="2" falsecount="0"/>
      <line num="129" count="2" type="stmt"/>
      <line num="130" count="2" type="stmt"/>
      <line num="131" count="2" type="stmt"/>
      <line num="134" count="79" type="stmt"/>
      <line num="135" count="79" type="stmt"/>
      <line num="137" count="79" type="cond" truecount="2" falsecount="0"/>
      <line num="138" count="2" type="stmt"/>
      <line num="139" count="2" type="cond" truecount="2" falsecount="0"/>
      <line num="140" count="2" type="stmt"/>
      <line num="144" count="2" type="stmt"/>
      <line num="146" count="2" type="stmt"/>
      <line num="148" count="77" type="cond" truecount="2" falsecount="0"/>
      <line num="150" count="77" type="cond" truecount="2" falsecount="0"/>
      <line num="151" count="5" type="stmt"/>
      <line num="152" count="72" type="cond" truecount="2" falsecount="0"/>
      <line num="153" count="1" type="stmt"/>
      <line num="155" count="71" type="stmt"/>
      <line num="160" count="71" type="stmt"/>
      <line num="162" count="71" type="stmt"/>
    </file>
  </project>
</coverage>
