{"/Users/djiang/Code/Mine/fraction calculator/src/index.js": {"path":"/Users/djiang/Code/Mine/fraction calculator/src/index.js","statementMap":{"0":{"start":{"line":11,"column":2},"end":{"line":11,"column":48}},"1":{"start":{"line":14,"column":0},"end":{"line":14,"column":58}},"2":{"start":{"line":16,"column":0},"end":{"line":18,"column":2}},"3":{"start":{"line":17,"column":2},"end":{"line":17,"column":57}},"4":{"start":{"line":19,"column":0},"end":{"line":19,"column":61}},"5":{"start":{"line":24,"column":15},"end":{"line":24,"column":26}},"6":{"start":{"line":26,"column":2},"end":{"line":28,"column":3}},"7":{"start":{"line":27,"column":4},"end":{"line":27,"column":58}},"8":{"start":{"line":30,"column":2},"end":{"line":43,"column":3}},"9":{"start":{"line":31,"column":4},"end":{"line":34,"column":6}},"10":{"start":{"line":36,"column":26},"end":{"line":36,"column":47}},"11":{"start":{"line":37,"column":19},"end":{"line":40,"column":5}},"12":{"start":{"line":42,"column":4},"end":{"line":42,"column":20}},"13":{"start":{"line":47,"column":16},"end":{"line":47,"column":30}},"14":{"start":{"line":48,"column":16},"end":{"line":48,"column":31}},"15":{"start":{"line":49,"column":23},"end":{"line":49,"column":31}},"16":{"start":{"line":50,"column":20},"end":{"line":50,"column":28}},"17":{"start":{"line":51,"column":22},"end":{"line":51,"column":38}},"18":{"start":{"line":52,"column":23},"end":{"line":52,"column":52}},"19":{"start":{"line":53,"column":25},"end":{"line":53,"column":44}},"20":{"start":{"line":55,"column":21},"end":{"line":55,"column":50}},"21":{"start":{"line":56,"column":22},"end":{"line":56,"column":53}},"22":{"start":{"line":58,"column":20},"end":{"line":58,"column":22}},"23":{"start":{"line":59,"column":2},"end":{"line":61,"column":3}},"24":{"start":{"line":59,"column":15},"end":{"line":59,"column":16}},"25":{"start":{"line":60,"column":4},"end":{"line":60,"column":36}},"26":{"start":{"line":62,"column":2},"end":{"line":62,"column":68}},"27":{"start":{"line":63,"column":25},"end":{"line":63,"column":54}},"28":{"start":{"line":65,"column":16},"end":{"line":67,"column":26}},"29":{"start":{"line":71,"column":6},"end":{"line":71,"column":11}},"30":{"start":{"line":73,"column":19},"end":{"line":76,"column":3}},"31":{"start":{"line":78,"column":2},"end":{"line":78,"column":18}},"32":{"start":{"line":82,"column":15},"end":{"line":82,"column":33}},"33":{"start":{"line":83,"column":19},"end":{"line":83,"column":23}},"34":{"start":{"line":84,"column":20},"end":{"line":84,"column":29}},"35":{"start":{"line":85,"column":2},"end":{"line":90,"column":3}},"36":{"start":{"line":86,"column":4},"end":{"line":86,"column":23}},"37":{"start":{"line":87,"column":4},"end":{"line":87,"column":29}},"38":{"start":{"line":88,"column":9},"end":{"line":90,"column":3}},"39":{"start":{"line":89,"column":4},"end":{"line":89,"column":29}},"40":{"start":{"line":93,"column":15},"end":{"line":93,"column":37}},"41":{"start":{"line":94,"column":15},"end":{"line":94,"column":39}},"42":{"start":{"line":95,"column":2},"end":{"line":99,"column":3}},"43":{"start":{"line":96,"column":4},"end":{"line":96,"column":65}},"44":{"start":{"line":97,"column":9},"end":{"line":99,"column":3}},"45":{"start":{"line":98,"column":4},"end":{"line":98,"column":65}},"46":{"start":{"line":101,"column":18},"end":{"line":101,"column":19}},"47":{"start":{"line":103,"column":2},"end":{"line":107,"column":3}},"48":{"start":{"line":104,"column":4},"end":{"line":104,"column":31}},"49":{"start":{"line":105,"column":4},"end":{"line":105,"column":34}},"50":{"start":{"line":106,"column":4},"end":{"line":106,"column":23}},"51":{"start":{"line":109,"column":2},"end":{"line":109,"column":29}},"52":{"start":{"line":110,"column":15},"end":{"line":110,"column":28}},"53":{"start":{"line":112,"column":2},"end":{"line":140,"column":3}},"54":{"start":{"line":113,"column":25},"end":{"line":113,"column":74}},"55":{"start":{"line":114,"column":22},"end":{"line":114,"column":71}},"56":{"start":{"line":115,"column":19},"end":{"line":118,"column":5}},"57":{"start":{"line":120,"column":4},"end":{"line":120,"column":40}},"58":{"start":{"line":122,"column":4},"end":{"line":122,"column":20}},"59":{"start":{"line":124,"column":22},"end":{"line":124,"column":68}},"60":{"start":{"line":126,"column":4},"end":{"line":139,"column":5}},"61":{"start":{"line":127,"column":6},"end":{"line":127,"column":47}},"62":{"start":{"line":128,"column":11},"end":{"line":139,"column":5}},"63":{"start":{"line":129,"column":6},"end":{"line":129,"column":55}},"64":{"start":{"line":131,"column":21},"end":{"line":134,"column":7}},"65":{"start":{"line":136,"column":6},"end":{"line":136,"column":42}},"66":{"start":{"line":138,"column":6},"end":{"line":138,"column":22}},"67":{"start":{"line":143,"column":21},"end":{"line":153,"column":1}},"68":{"start":{"line":144,"column":2},"end":{"line":150,"column":3}},"69":{"start":{"line":145,"column":4},"end":{"line":145,"column":42}},"70":{"start":{"line":146,"column":9},"end":{"line":150,"column":3}},"71":{"start":{"line":147,"column":4},"end":{"line":147,"column":42}},"72":{"start":{"line":148,"column":9},"end":{"line":150,"column":3}},"73":{"start":{"line":149,"column":4},"end":{"line":149,"column":27}},"74":{"start":{"line":152,"column":2},"end":{"line":152,"column":53}},"75":{"start":{"line":156,"column":2},"end":{"line":158,"column":3}},"76":{"start":{"line":157,"column":4},"end":{"line":157,"column":34}},"77":{"start":{"line":160,"column":2},"end":{"line":162,"column":3}},"78":{"start":{"line":161,"column":4},"end":{"line":161,"column":34}},"79":{"start":{"line":164,"column":2},"end":{"line":164,"column":27}},"80":{"start":{"line":168,"column":2},"end":{"line":168,"column":56}},"81":{"start":{"line":172,"column":12},"end":{"line":172,"column":15}},"82":{"start":{"line":173,"column":14},"end":{"line":173,"column":15}},"83":{"start":{"line":174,"column":2},"end":{"line":181,"column":3}},"84":{"start":{"line":175,"column":4},"end":{"line":175,"column":20}},"85":{"start":{"line":176,"column":4},"end":{"line":176,"column":12}},"86":{"start":{"line":178,"column":4},"end":{"line":180,"column":5}},"87":{"start":{"line":179,"column":6},"end":{"line":179,"column":25}},"88":{"start":{"line":183,"column":2},"end":{"line":183,"column":21}},"89":{"start":{"line":187,"column":16},"end":{"line":187,"column":32}},"90":{"start":{"line":188,"column":2},"end":{"line":190,"column":3}},"91":{"start":{"line":189,"column":4},"end":{"line":189,"column":15}},"92":{"start":{"line":192,"column":14},"end":{"line":192,"column":15}},"93":{"start":{"line":193,"column":2},"end":{"line":195,"column":3}},"94":{"start":{"line":194,"column":4},"end":{"line":194,"column":26}},"95":{"start":{"line":197,"column":2},"end":{"line":199,"column":3}},"96":{"start":{"line":197,"column":15},"end":{"line":197,"column":16}},"97":{"start":{"line":198,"column":4},"end":{"line":198,"column":20}},"98":{"start":{"line":201,"column":17},"end":{"line":201,"column":33}},"99":{"start":{"line":203,"column":20},"end":{"line":203,"column":32}},"100":{"start":{"line":205,"column":17},"end":{"line":205,"column":47}},"101":{"start":{"line":206,"column":2},"end":{"line":206,"column":35}},"102":{"start":{"line":208,"column":2},"end":{"line":208,"column":25}},"103":{"start":{"line":212,"column":14},"end":{"line":212,"column":28}},"104":{"start":{"line":213,"column":17},"end":{"line":213,"column":39}},"105":{"start":{"line":214,"column":2},"end":{"line":214,"column":23}},"106":{"start":{"line":218,"column":0},"end":{"line":218,"column":42}},"107":{"start":{"line":221,"column":0},"end":{"line":221,"column":46}},"108":{"start":{"line":222,"column":0},"end":{"line":228,"column":2}},"109":{"start":{"line":223,"column":2},"end":{"line":225,"column":3}},"110":{"start":{"line":224,"column":4},"end":{"line":224,"column":24}},"111":{"start":{"line":227,"column":2},"end":{"line":227,"column":39}},"112":{"start":{"line":230,"column":0},"end":{"line":236,"column":2}},"113":{"start":{"line":231,"column":2},"end":{"line":233,"column":3}},"114":{"start":{"line":232,"column":4},"end":{"line":232,"column":24}},"115":{"start":{"line":235,"column":2},"end":{"line":235,"column":39}},"116":{"start":{"line":239,"column":0},"end":{"line":266,"column":2}},"117":{"start":{"line":240,"column":17},"end":{"line":240,"column":30}},"118":{"start":{"line":242,"column":2},"end":{"line":244,"column":3}},"119":{"start":{"line":243,"column":4},"end":{"line":243,"column":40}},"120":{"start":{"line":246,"column":37},"end":{"line":246,"column":45}},"121":{"start":{"line":248,"column":2},"end":{"line":250,"column":3}},"122":{"start":{"line":249,"column":4},"end":{"line":249,"column":15}},"123":{"start":{"line":252,"column":2},"end":{"line":254,"column":3}},"124":{"start":{"line":253,"column":4},"end":{"line":253,"column":26}},"125":{"start":{"line":256,"column":2},"end":{"line":263,"column":3}},"126":{"start":{"line":257,"column":22},"end":{"line":257,"column":55}},"127":{"start":{"line":258,"column":16},"end":{"line":258,"column":49}},"128":{"start":{"line":260,"column":4},"end":{"line":262,"column":5}},"129":{"start":{"line":261,"column":6},"end":{"line":261,"column":50}},"130":{"start":{"line":265,"column":2},"end":{"line":265,"column":39}},"131":{"start":{"line":268,"column":0},"end":{"line":274,"column":2}},"132":{"start":{"line":271,"column":6},"end":{"line":271,"column":10}},"133":{"start":{"line":273,"column":2},"end":{"line":273,"column":46}},"134":{"start":{"line":276,"column":0},"end":{"line":282,"column":2}},"135":{"start":{"line":279,"column":6},"end":{"line":279,"column":10}},"136":{"start":{"line":281,"column":2},"end":{"line":281,"column":33}},"137":{"start":{"line":284,"column":0},"end":{"line":339,"column":2}},"138":{"start":{"line":285,"column":21},"end":{"line":285,"column":25}},"139":{"start":{"line":287,"column":2},"end":{"line":287,"column":38}},"140":{"start":{"line":289,"column":35},"end":{"line":289,"column":43}},"141":{"start":{"line":290,"column":19},"end":{"line":290,"column":23}},"142":{"start":{"line":291,"column":2},"end":{"line":294,"column":3}},"143":{"start":{"line":292,"column":4},"end":{"line":292,"column":23}},"144":{"start":{"line":293,"column":4},"end":{"line":293,"column":27}},"145":{"start":{"line":296,"column":20},"end":{"line":296,"column":53}},"146":{"start":{"line":297,"column":2},"end":{"line":297,"column":50}},"147":{"start":{"line":299,"column":2},"end":{"line":301,"column":3}},"148":{"start":{"line":300,"column":4},"end":{"line":300,"column":64}},"149":{"start":{"line":303,"column":13},"end":{"line":303,"column":14}},"150":{"start":{"line":305,"column":20},"end":{"line":308,"column":3}},"151":{"start":{"line":309,"column":2},"end":{"line":314,"column":3}},"152":{"start":{"line":310,"column":4},"end":{"line":310,"column":21}},"153":{"start":{"line":311,"column":4},"end":{"line":311,"column":45}},"154":{"start":{"line":312,"column":4},"end":{"line":312,"column":42}},"155":{"start":{"line":313,"column":4},"end":{"line":313,"column":46}},"156":{"start":{"line":316,"column":15},"end":{"line":316,"column":49}},"157":{"start":{"line":317,"column":19},"end":{"line":317,"column":59}},"158":{"start":{"line":318,"column":2},"end":{"line":321,"column":4}},"159":{"start":{"line":322,"column":18},"end":{"line":322,"column":75}},"160":{"start":{"line":323,"column":20},"end":{"line":323,"column":77}},"161":{"start":{"line":324,"column":18},"end":{"line":324,"column":65}},"162":{"start":{"line":325,"column":2},"end":{"line":327,"column":3}},"163":{"start":{"line":325,"column":15},"end":{"line":325,"column":16}},"164":{"start":{"line":326,"column":4},"end":{"line":326,"column":36}},"165":{"start":{"line":328,"column":15},"end":{"line":328,"column":44}},"166":{"start":{"line":330,"column":2},"end":{"line":330,"column":50}},"167":{"start":{"line":332,"column":2},"end":{"line":334,"column":3}},"168":{"start":{"line":333,"column":4},"end":{"line":333,"column":26}},"169":{"start":{"line":336,"column":2},"end":{"line":336,"column":49}},"170":{"start":{"line":338,"column":2},"end":{"line":338,"column":16}},"171":{"start":{"line":341,"column":0},"end":{"line":360,"column":2}},"172":{"start":{"line":342,"column":20},"end":{"line":342,"column":33}},"173":{"start":{"line":343,"column":20},"end":{"line":343,"column":35}},"174":{"start":{"line":344,"column":25},"end":{"line":347,"column":3}},"175":{"start":{"line":349,"column":26},"end":{"line":349,"column":50}},"176":{"start":{"line":350,"column":26},"end":{"line":350,"column":50}},"177":{"start":{"line":352,"column":17},"end":{"line":355,"column":3}},"178":{"start":{"line":357,"column":2},"end":{"line":357,"column":25}},"179":{"start":{"line":359,"column":2},"end":{"line":359,"column":14}},"180":{"start":{"line":362,"column":0},"end":{"line":367,"column":2}},"181":{"start":{"line":363,"column":20},"end":{"line":363,"column":35}},"182":{"start":{"line":364,"column":2},"end":{"line":364,"column":45}},"183":{"start":{"line":366,"column":2},"end":{"line":366,"column":70}},"184":{"start":{"line":369,"column":0},"end":{"line":383,"column":2}},"185":{"start":{"line":370,"column":20},"end":{"line":370,"column":33}},"186":{"start":{"line":371,"column":20},"end":{"line":371,"column":35}},"187":{"start":{"line":373,"column":17},"end":{"line":376,"column":3}},"188":{"start":{"line":378,"column":2},"end":{"line":378,"column":25}},"189":{"start":{"line":380,"column":2},"end":{"line":380,"column":48}},"190":{"start":{"line":382,"column":2},"end":{"line":382,"column":14}},"191":{"start":{"line":385,"column":0},"end":{"line":390,"column":2}},"192":{"start":{"line":386,"column":20},"end":{"line":386,"column":35}},"193":{"start":{"line":387,"column":37},"end":{"line":387,"column":46}},"194":{"start":{"line":389,"column":2},"end":{"line":389,"column":51}},"195":{"start":{"line":392,"column":0},"end":{"line":421,"column":2}},"196":{"start":{"line":395,"column":6},"end":{"line":395,"column":10}},"197":{"start":{"line":397,"column":23},"end":{"line":397,"column":45}},"198":{"start":{"line":398,"column":25},"end":{"line":398,"column":49}},"199":{"start":{"line":401,"column":2},"end":{"line":420,"column":3}},"200":{"start":{"line":402,"column":4},"end":{"line":412,"column":5}},"201":{"start":{"line":403,"column":6},"end":{"line":406,"column":8}},"202":{"start":{"line":408,"column":6},"end":{"line":411,"column":8}},"203":{"start":{"line":414,"column":4},"end":{"line":414,"column":27}},"204":{"start":{"line":415,"column":4},"end":{"line":415,"column":50}},"205":{"start":{"line":417,"column":4},"end":{"line":417,"column":16}},"206":{"start":{"line":419,"column":4},"end":{"line":419,"column":53}},"207":{"start":{"line":423,"column":0},"end":{"line":433,"column":2}},"208":{"start":{"line":426,"column":6},"end":{"line":426,"column":10}},"209":{"start":{"line":428,"column":2},"end":{"line":430,"column":3}},"210":{"start":{"line":429,"column":4},"end":{"line":429,"column":54}},"211":{"start":{"line":432,"column":2},"end":{"line":432,"column":25}},"212":{"start":{"line":435,"column":0},"end":{"line":443,"column":2}},"213":{"start":{"line":438,"column":6},"end":{"line":438,"column":10}},"214":{"start":{"line":440,"column":2},"end":{"line":440,"column":48}},"215":{"start":{"line":442,"column":2},"end":{"line":442,"column":14}},"216":{"start":{"line":445,"column":0},"end":{"line":453,"column":2}},"217":{"start":{"line":448,"column":6},"end":{"line":448,"column":10}},"218":{"start":{"line":450,"column":2},"end":{"line":450,"column":39}},"219":{"start":{"line":452,"column":2},"end":{"line":452,"column":14}},"220":{"start":{"line":455,"column":0},"end":{"line":468,"column":2}},"221":{"start":{"line":458,"column":6},"end":{"line":458,"column":10}},"222":{"start":{"line":460,"column":15},"end":{"line":463,"column":3}},"223":{"start":{"line":465,"column":2},"end":{"line":465,"column":41}},"224":{"start":{"line":467,"column":2},"end":{"line":467,"column":14}},"225":{"start":{"line":470,"column":0},"end":{"line":472,"column":2}},"226":{"start":{"line":471,"column":2},"end":{"line":471,"column":34}},"227":{"start":{"line":474,"column":0},"end":{"line":480,"column":2}},"228":{"start":{"line":477,"column":6},"end":{"line":477,"column":10}},"229":{"start":{"line":479,"column":2},"end":{"line":479,"column":44}},"230":{"start":{"line":482,"column":0},"end":{"line":488,"column":2}},"231":{"start":{"line":485,"column":6},"end":{"line":485,"column":10}},"232":{"start":{"line":487,"column":2},"end":{"line":487,"column":45}},"233":{"start":{"line":490,"column":0},"end":{"line":496,"column":2}},"234":{"start":{"line":493,"column":6},"end":{"line":493,"column":10}},"235":{"start":{"line":495,"column":2},"end":{"line":495,"column":45}},"236":{"start":{"line":498,"column":0},"end":{"line":502,"column":2}},"237":{"start":{"line":499,"column":15},"end":{"line":499,"column":28}},"238":{"start":{"line":501,"column":2},"end":{"line":501,"column":41}},"239":{"start":{"line":504,"column":0},"end":{"line":508,"column":2}},"240":{"start":{"line":505,"column":15},"end":{"line":505,"column":28}},"241":{"start":{"line":507,"column":2},"end":{"line":507,"column":39}},"242":{"start":{"line":510,"column":0},"end":{"line":514,"column":2}},"243":{"start":{"line":511,"column":15},"end":{"line":511,"column":28}},"244":{"start":{"line":513,"column":2},"end":{"line":513,"column":39}},"245":{"start":{"line":516,"column":0},"end":{"line":525,"column":2}},"246":{"start":{"line":517,"column":19},"end":{"line":517,"column":38}},"247":{"start":{"line":520,"column":6},"end":{"line":520,"column":14}},"248":{"start":{"line":521,"column":24},"end":{"line":521,"column":57}},"249":{"start":{"line":522,"column":17},"end":{"line":522,"column":71}},"250":{"start":{"line":524,"column":2},"end":{"line":524,"column":16}}},"fnMap":{"0":{"name":"FractionCalculator","decl":{"start":{"line":10,"column":9},"end":{"line":10,"column":27}},"loc":{"start":{"line":10,"column":36},"end":{"line":12,"column":1}},"line":10},"1":{"name":"(anonymous_1)","decl":{"start":{"line":16,"column":29},"end":{"line":16,"column":30}},"loc":{"start":{"line":16,"column":46},"end":{"line":18,"column":1}},"line":16},"2":{"name":"_getFractionFromNumber","decl":{"start":{"line":23,"column":9},"end":{"line":23,"column":31}},"loc":{"start":{"line":23,"column":37},"end":{"line":44,"column":1}},"line":23},"3":{"name":"_getFractionFromCycleNumber","decl":{"start":{"line":46,"column":9},"end":{"line":46,"column":36}},"loc":{"start":{"line":46,"column":59},"end":{"line":79,"column":1}},"line":46},"4":{"name":"_getFractionFromString","decl":{"start":{"line":81,"column":9},"end":{"line":81,"column":31}},"loc":{"start":{"line":81,"column":37},"end":{"line":141,"column":1}},"line":81},"5":{"name":"(anonymous_5)","decl":{"start":{"line":143,"column":21},"end":{"line":143,"column":22}},"loc":{"start":{"line":143,"column":38},"end":{"line":153,"column":1}},"line":143},"6":{"name":"_isRecurring","decl":{"start":{"line":155,"column":9},"end":{"line":155,"column":21}},"loc":{"start":{"line":155,"column":35},"end":{"line":165,"column":1}},"line":155},"7":{"name":"_contains2or5","decl":{"start":{"line":167,"column":9},"end":{"line":167,"column":22}},"loc":{"start":{"line":167,"column":36},"end":{"line":169,"column":1}},"line":167},"8":{"name":"_find9Num","decl":{"start":{"line":171,"column":9},"end":{"line":171,"column":18}},"loc":{"start":{"line":171,"column":32},"end":{"line":184,"column":1}},"line":171},"9":{"name":"_moveDotLeft","decl":{"start":{"line":186,"column":9},"end":{"line":186,"column":21}},"loc":{"start":{"line":186,"column":30},"end":{"line":209,"column":1}},"line":186},"10":{"name":"_getNum0","decl":{"start":{"line":211,"column":9},"end":{"line":211,"column":17}},"loc":{"start":{"line":211,"column":23},"end":{"line":215,"column":1}},"line":211},"11":{"name":"(anonymous_11)","decl":{"start":{"line":222,"column":25},"end":{"line":222,"column":26}},"loc":{"start":{"line":222,"column":40},"end":{"line":228,"column":1}},"line":222},"12":{"name":"(anonymous_12)","decl":{"start":{"line":230,"column":25},"end":{"line":230,"column":26}},"loc":{"start":{"line":230,"column":40},"end":{"line":236,"column":1}},"line":230},"13":{"name":"(anonymous_13)","decl":{"start":{"line":239,"column":33},"end":{"line":239,"column":34}},"loc":{"start":{"line":239,"column":65},"end":{"line":266,"column":1}},"line":239},"14":{"name":"(anonymous_14)","decl":{"start":{"line":268,"column":32},"end":{"line":268,"column":33}},"loc":{"start":{"line":268,"column":44},"end":{"line":274,"column":1}},"line":268},"15":{"name":"(anonymous_15)","decl":{"start":{"line":276,"column":33},"end":{"line":276,"column":34}},"loc":{"start":{"line":276,"column":44},"end":{"line":282,"column":1}},"line":276},"16":{"name":"(anonymous_16)","decl":{"start":{"line":284,"column":43},"end":{"line":284,"column":44}},"loc":{"start":{"line":284,"column":54},"end":{"line":339,"column":1}},"line":284},"17":{"name":"(anonymous_17)","decl":{"start":{"line":341,"column":29},"end":{"line":341,"column":30}},"loc":{"start":{"line":341,"column":41},"end":{"line":360,"column":1}},"line":341},"18":{"name":"(anonymous_18)","decl":{"start":{"line":362,"column":30},"end":{"line":362,"column":31}},"loc":{"start":{"line":362,"column":42},"end":{"line":367,"column":1}},"line":362},"19":{"name":"(anonymous_19)","decl":{"start":{"line":369,"column":30},"end":{"line":369,"column":31}},"loc":{"start":{"line":369,"column":42},"end":{"line":383,"column":1}},"line":369},"20":{"name":"(anonymous_20)","decl":{"start":{"line":385,"column":28},"end":{"line":385,"column":29}},"loc":{"start":{"line":385,"column":40},"end":{"line":390,"column":1}},"line":385},"21":{"name":"(anonymous_21)","decl":{"start":{"line":392,"column":28},"end":{"line":392,"column":29}},"loc":{"start":{"line":392,"column":40},"end":{"line":421,"column":1}},"line":392},"22":{"name":"(anonymous_22)","decl":{"start":{"line":423,"column":29},"end":{"line":423,"column":30}},"loc":{"start":{"line":423,"column":40},"end":{"line":433,"column":1}},"line":423},"23":{"name":"(anonymous_23)","decl":{"start":{"line":435,"column":28},"end":{"line":435,"column":29}},"loc":{"start":{"line":435,"column":39},"end":{"line":443,"column":1}},"line":435},"24":{"name":"(anonymous_24)","decl":{"start":{"line":445,"column":28},"end":{"line":445,"column":29}},"loc":{"start":{"line":445,"column":39},"end":{"line":453,"column":1}},"line":445},"25":{"name":"(anonymous_25)","decl":{"start":{"line":455,"column":32},"end":{"line":455,"column":33}},"loc":{"start":{"line":455,"column":43},"end":{"line":468,"column":1}},"line":455},"26":{"name":"(anonymous_26)","decl":{"start":{"line":470,"column":30},"end":{"line":470,"column":31}},"loc":{"start":{"line":470,"column":41},"end":{"line":472,"column":1}},"line":470},"27":{"name":"(anonymous_27)","decl":{"start":{"line":474,"column":29},"end":{"line":474,"column":30}},"loc":{"start":{"line":474,"column":40},"end":{"line":480,"column":1}},"line":474},"28":{"name":"(anonymous_28)","decl":{"start":{"line":482,"column":30},"end":{"line":482,"column":31}},"loc":{"start":{"line":482,"column":41},"end":{"line":488,"column":1}},"line":482},"29":{"name":"(anonymous_29)","decl":{"start":{"line":490,"column":30},"end":{"line":490,"column":31}},"loc":{"start":{"line":490,"column":41},"end":{"line":496,"column":1}},"line":490},"30":{"name":"(anonymous_30)","decl":{"start":{"line":498,"column":31},"end":{"line":498,"column":32}},"loc":{"start":{"line":498,"column":43},"end":{"line":502,"column":1}},"line":498},"31":{"name":"(anonymous_31)","decl":{"start":{"line":504,"column":36},"end":{"line":504,"column":37}},"loc":{"start":{"line":504,"column":48},"end":{"line":508,"column":1}},"line":504},"32":{"name":"(anonymous_32)","decl":{"start":{"line":510,"column":33},"end":{"line":510,"column":34}},"loc":{"start":{"line":510,"column":45},"end":{"line":514,"column":1}},"line":510},"33":{"name":"(anonymous_33)","decl":{"start":{"line":516,"column":28},"end":{"line":516,"column":29}},"loc":{"start":{"line":516,"column":40},"end":{"line":525,"column":1}},"line":516}},"branchMap":{"0":{"loc":{"start":{"line":26,"column":2},"end":{"line":28,"column":3}},"type":"if","locations":[{"start":{"line":26,"column":2},"end":{"line":28,"column":3}},{"start":{"line":26,"column":2},"end":{"line":28,"column":3}}],"line":26},"1":{"loc":{"start":{"line":30,"column":2},"end":{"line":43,"column":3}},"type":"if","locations":[{"start":{"line":30,"column":2},"end":{"line":43,"column":3}},{"start":{"line":30,"column":2},"end":{"line":43,"column":3}}],"line":30},"2":{"loc":{"start":{"line":48,"column":16},"end":{"line":48,"column":31}},"type":"binary-expr","locations":[{"start":{"line":48,"column":16},"end":{"line":48,"column":24}},{"start":{"line":48,"column":28},"end":{"line":48,"column":31}}],"line":48},"3":{"loc":{"start":{"line":74,"column":15},"end":{"line":74,"column":50}},"type":"cond-expr","locations":[{"start":{"line":74,"column":28},"end":{"line":74,"column":37}},{"start":{"line":74,"column":40},"end":{"line":74,"column":50}}],"line":74},"4":{"loc":{"start":{"line":85,"column":2},"end":{"line":90,"column":3}},"type":"if","locations":[{"start":{"line":85,"column":2},"end":{"line":90,"column":3}},{"start":{"line":85,"column":2},"end":{"line":90,"column":3}}],"line":85},"5":{"loc":{"start":{"line":88,"column":9},"end":{"line":90,"column":3}},"type":"if","locations":[{"start":{"line":88,"column":9},"end":{"line":90,"column":3}},{"start":{"line":88,"column":9},"end":{"line":90,"column":3}}],"line":88},"6":{"loc":{"start":{"line":95,"column":2},"end":{"line":99,"column":3}},"type":"if","locations":[{"start":{"line":95,"column":2},"end":{"line":99,"column":3}},{"start":{"line":95,"column":2},"end":{"line":99,"column":3}}],"line":95},"7":{"loc":{"start":{"line":97,"column":9},"end":{"line":99,"column":3}},"type":"if","locations":[{"start":{"line":97,"column":9},"end":{"line":99,"column":3}},{"start":{"line":97,"column":9},"end":{"line":99,"column":3}}],"line":97},"8":{"loc":{"start":{"line":103,"column":2},"end":{"line":107,"column":3}},"type":"if","locations":[{"start":{"line":103,"column":2},"end":{"line":107,"column":3}},{"start":{"line":103,"column":2},"end":{"line":107,"column":3}}],"line":103},"9":{"loc":{"start":{"line":112,"column":2},"end":{"line":140,"column":3}},"type":"if","locations":[{"start":{"line":112,"column":2},"end":{"line":140,"column":3}},{"start":{"line":112,"column":2},"end":{"line":140,"column":3}}],"line":112},"10":{"loc":{"start":{"line":114,"column":32},"end":{"line":114,"column":53}},"type":"cond-expr","locations":[{"start":{"line":114,"column":45},"end":{"line":114,"column":47}},{"start":{"line":114,"column":50},"end":{"line":114,"column":53}}],"line":114},"11":{"loc":{"start":{"line":124,"column":32},"end":{"line":124,"column":53}},"type":"cond-expr","locations":[{"start":{"line":124,"column":45},"end":{"line":124,"column":47}},{"start":{"line":124,"column":50},"end":{"line":124,"column":53}}],"line":124},"12":{"loc":{"start":{"line":126,"column":4},"end":{"line":139,"column":5}},"type":"if","locations":[{"start":{"line":126,"column":4},"end":{"line":139,"column":5}},{"start":{"line":126,"column":4},"end":{"line":139,"column":5}}],"line":126},"13":{"loc":{"start":{"line":128,"column":11},"end":{"line":139,"column":5}},"type":"if","locations":[{"start":{"line":128,"column":11},"end":{"line":139,"column":5}},{"start":{"line":128,"column":11},"end":{"line":139,"column":5}}],"line":128},"14":{"loc":{"start":{"line":144,"column":2},"end":{"line":150,"column":3}},"type":"if","locations":[{"start":{"line":144,"column":2},"end":{"line":150,"column":3}},{"start":{"line":144,"column":2},"end":{"line":150,"column":3}}],"line":144},"15":{"loc":{"start":{"line":146,"column":9},"end":{"line":150,"column":3}},"type":"if","locations":[{"start":{"line":146,"column":9},"end":{"line":150,"column":3}},{"start":{"line":146,"column":9},"end":{"line":150,"column":3}}],"line":146},"16":{"loc":{"start":{"line":148,"column":9},"end":{"line":150,"column":3}},"type":"if","locations":[{"start":{"line":148,"column":9},"end":{"line":150,"column":3}},{"start":{"line":148,"column":9},"end":{"line":150,"column":3}}],"line":148},"17":{"loc":{"start":{"line":168,"column":9},"end":{"line":168,"column":55}},"type":"binary-expr","locations":[{"start":{"line":168,"column":9},"end":{"line":168,"column":30}},{"start":{"line":168,"column":34},"end":{"line":168,"column":55}}],"line":168},"18":{"loc":{"start":{"line":178,"column":4},"end":{"line":180,"column":5}},"type":"if","locations":[{"start":{"line":178,"column":4},"end":{"line":180,"column":5}},{"start":{"line":178,"column":4},"end":{"line":180,"column":5}}],"line":178},"19":{"loc":{"start":{"line":188,"column":2},"end":{"line":190,"column":3}},"type":"if","locations":[{"start":{"line":188,"column":2},"end":{"line":190,"column":3}},{"start":{"line":188,"column":2},"end":{"line":190,"column":3}}],"line":188},"20":{"loc":{"start":{"line":193,"column":2},"end":{"line":195,"column":3}},"type":"if","locations":[{"start":{"line":193,"column":2},"end":{"line":195,"column":3}},{"start":{"line":193,"column":2},"end":{"line":195,"column":3}}],"line":193},"21":{"loc":{"start":{"line":223,"column":2},"end":{"line":225,"column":3}},"type":"if","locations":[{"start":{"line":223,"column":2},"end":{"line":225,"column":3}},{"start":{"line":223,"column":2},"end":{"line":225,"column":3}}],"line":223},"22":{"loc":{"start":{"line":223,"column":6},"end":{"line":223,"column":46}},"type":"binary-expr","locations":[{"start":{"line":223,"column":6},"end":{"line":223,"column":24}},{"start":{"line":223,"column":28},"end":{"line":223,"column":46}}],"line":223},"23":{"loc":{"start":{"line":231,"column":2},"end":{"line":233,"column":3}},"type":"if","locations":[{"start":{"line":231,"column":2},"end":{"line":233,"column":3}},{"start":{"line":231,"column":2},"end":{"line":233,"column":3}}],"line":231},"24":{"loc":{"start":{"line":231,"column":6},"end":{"line":231,"column":46}},"type":"binary-expr","locations":[{"start":{"line":231,"column":6},"end":{"line":231,"column":24}},{"start":{"line":231,"column":28},"end":{"line":231,"column":46}}],"line":231},"25":{"loc":{"start":{"line":239,"column":42},"end":{"line":239,"column":63}},"type":"default-arg","locations":[{"start":{"line":239,"column":58},"end":{"line":239,"column":63}}],"line":239},"26":{"loc":{"start":{"line":242,"column":2},"end":{"line":244,"column":3}},"type":"if","locations":[{"start":{"line":242,"column":2},"end":{"line":244,"column":3}},{"start":{"line":242,"column":2},"end":{"line":244,"column":3}}],"line":242},"27":{"loc":{"start":{"line":248,"column":2},"end":{"line":250,"column":3}},"type":"if","locations":[{"start":{"line":248,"column":2},"end":{"line":250,"column":3}},{"start":{"line":248,"column":2},"end":{"line":250,"column":3}}],"line":248},"28":{"loc":{"start":{"line":252,"column":2},"end":{"line":254,"column":3}},"type":"if","locations":[{"start":{"line":252,"column":2},"end":{"line":254,"column":3}},{"start":{"line":252,"column":2},"end":{"line":254,"column":3}}],"line":252},"29":{"loc":{"start":{"line":256,"column":2},"end":{"line":263,"column":3}},"type":"if","locations":[{"start":{"line":256,"column":2},"end":{"line":263,"column":3}},{"start":{"line":256,"column":2},"end":{"line":263,"column":3}}],"line":256},"30":{"loc":{"start":{"line":260,"column":4},"end":{"line":262,"column":5}},"type":"if","locations":[{"start":{"line":260,"column":4},"end":{"line":262,"column":5}},{"start":{"line":260,"column":4},"end":{"line":262,"column":5}}],"line":260},"31":{"loc":{"start":{"line":291,"column":2},"end":{"line":294,"column":3}},"type":"if","locations":[{"start":{"line":291,"column":2},"end":{"line":294,"column":3}},{"start":{"line":291,"column":2},"end":{"line":294,"column":3}}],"line":291},"32":{"loc":{"start":{"line":299,"column":2},"end":{"line":301,"column":3}},"type":"if","locations":[{"start":{"line":299,"column":2},"end":{"line":301,"column":3}},{"start":{"line":299,"column":2},"end":{"line":301,"column":3}}],"line":299},"33":{"loc":{"start":{"line":300,"column":14},"end":{"line":300,"column":35}},"type":"cond-expr","locations":[{"start":{"line":300,"column":27},"end":{"line":300,"column":29}},{"start":{"line":300,"column":32},"end":{"line":300,"column":35}}],"line":300},"34":{"loc":{"start":{"line":332,"column":2},"end":{"line":334,"column":3}},"type":"if","locations":[{"start":{"line":332,"column":2},"end":{"line":334,"column":3}},{"start":{"line":332,"column":2},"end":{"line":334,"column":3}}],"line":332},"35":{"loc":{"start":{"line":401,"column":2},"end":{"line":420,"column":3}},"type":"if","locations":[{"start":{"line":401,"column":2},"end":{"line":420,"column":3}},{"start":{"line":401,"column":2},"end":{"line":420,"column":3}}],"line":401},"36":{"loc":{"start":{"line":401,"column":6},"end":{"line":401,"column":70}},"type":"binary-expr","locations":[{"start":{"line":401,"column":6},"end":{"line":401,"column":35}},{"start":{"line":401,"column":39},"end":{"line":401,"column":70}}],"line":401},"37":{"loc":{"start":{"line":402,"column":4},"end":{"line":412,"column":5}},"type":"if","locations":[{"start":{"line":402,"column":4},"end":{"line":412,"column":5}},{"start":{"line":402,"column":4},"end":{"line":412,"column":5}}],"line":402},"38":{"loc":{"start":{"line":428,"column":2},"end":{"line":430,"column":3}},"type":"if","locations":[{"start":{"line":428,"column":2},"end":{"line":430,"column":3}},{"start":{"line":428,"column":2},"end":{"line":430,"column":3}}],"line":428}},"s":{"0":159,"1":1,"2":1,"3":159,"4":1,"5":76,"6":76,"7":1,"8":75,"9":33,"10":42,"11":42,"12":42,"13":14,"14":14,"15":14,"16":14,"17":14,"18":14,"19":14,"20":14,"21":14,"22":14,"23":14,"24":14,"25":36,"26":14,"27":14,"28":14,"29":14,"30":14,"31":14,"32":203,"33":203,"34":203,"35":203,"36":71,"37":71,"38":132,"39":1,"40":203,"41":203,"42":203,"43":6,"44":197,"45":8,"46":189,"47":189,"48":8,"49":8,"50":8,"51":189,"52":189,"53":189,"54":8,"55":8,"56":8,"57":8,"58":8,"59":181,"60":181,"61":5,"62":176,"63":1,"64":175,"65":175,"66":175,"67":1,"68":284,"69":71,"70":213,"71":203,"72":10,"73":9,"74":1,"75":28,"76":44,"77":28,"78":12,"79":28,"80":70,"81":26,"82":26,"83":26,"84":234,"85":234,"86":234,"87":10,"88":16,"89":26,"90":26,"91":10,"92":16,"93":16,"94":16,"95":16,"96":16,"97":20,"98":16,"99":16,"100":16,"101":16,"102":16,"103":26,"104":26,"105":26,"106":1,"107":1,"108":1,"109":5,"110":4,"111":1,"112":1,"113":4,"114":3,"115":1,"116":1,"117":74,"118":74,"119":73,"120":74,"121":74,"122":10,"123":64,"124":4,"125":60,"126":8,"127":8,"128":8,"129":5,"130":55,"131":1,"132":2,"133":2,"134":1,"135":3,"136":3,"137":1,"138":28,"139":28,"140":28,"141":28,"142":28,"143":14,"144":14,"145":28,"146":28,"147":28,"148":2,"149":26,"150":26,"151":26,"152":44,"153":44,"154":44,"155":44,"156":26,"157":26,"158":26,"159":26,"160":26,"161":26,"162":26,"163":26,"164":14,"165":26,"166":26,"167":26,"168":13,"169":26,"170":26,"171":1,"172":58,"173":58,"174":58,"175":58,"176":58,"177":58,"178":58,"179":58,"180":1,"181":21,"182":21,"183":21,"184":1,"185":29,"186":29,"187":29,"188":29,"189":29,"190":29,"191":1,"192":17,"193":17,"194":17,"195":1,"196":13,"197":13,"198":13,"199":13,"200":12,"201":3,"202":9,"203":12,"204":12,"205":12,"206":1,"207":1,"208":5,"209":5,"210":1,"211":4,"212":1,"213":2,"214":2,"215":2,"216":1,"217":2,"218":2,"219":2,"220":1,"221":2,"222":2,"223":2,"224":2,"225":1,"226":4,"227":1,"228":2,"229":2,"230":1,"231":2,"232":2,"233":1,"234":2,"235":2,"236":1,"237":3,"238":3,"239":1,"240":3,"241":3,"242":1,"243":3,"244":3,"245":1,"246":3,"247":3,"248":3,"249":3,"250":3},"f":{"0":159,"1":159,"2":76,"3":14,"4":203,"5":284,"6":28,"7":70,"8":26,"9":26,"10":26,"11":5,"12":4,"13":74,"14":2,"15":3,"16":28,"17":58,"18":21,"19":29,"20":17,"21":13,"22":5,"23":2,"24":2,"25":2,"26":4,"27":2,"28":2,"29":2,"30":3,"31":3,"32":3,"33":3},"b":{"0":[1,75],"1":[33,42],"2":[14,2],"3":[7,7],"4":[71,132],"5":[1,131],"6":[6,197],"7":[8,189],"8":[8,181],"9":[8,181],"10":[4,4],"11":[121,60],"12":[5,176],"13":[1,175],"14":[71,213],"15":[203,10],"16":[9,1],"17":[70,34],"18":[10,224],"19":[10,16],"20":[16,0],"21":[4,1],"22":[5,5],"23":[3,1],"24":[4,4],"25":[66],"26":[73,1],"27":[10,64],"28":[4,60],"29":[8,52],"30":[5,3],"31":[14,14],"32":[2,26],"33":[1,1],"34":[13,13],"35":[12,1],"36":[13,2],"37":[3,9],"38":[1,4]},"_coverageSchema":"43e27e138ebf9cfc5966b082cf9a028302ed4184","hash":"c30f697b6de13b627b745c06a56c55435417e152"}
,"/Users/djiang/Code/Mine/fraction calculator/src/utils.js": {"path":"/Users/djiang/Code/Mine/fraction calculator/src/utils.js","statementMap":{"0":{"start":{"line":4,"column":2},"end":{"line":4,"column":18}},"1":{"start":{"line":5,"column":2},"end":{"line":5,"column":18}},"2":{"start":{"line":6,"column":12},"end":{"line":6,"column":17}},"3":{"start":{"line":8,"column":2},"end":{"line":12,"column":3}},"4":{"start":{"line":9,"column":4},"end":{"line":9,"column":10}},"5":{"start":{"line":10,"column":4},"end":{"line":10,"column":12}},"6":{"start":{"line":11,"column":4},"end":{"line":11,"column":16}},"7":{"start":{"line":14,"column":2},"end":{"line":14,"column":11}},"8":{"start":{"line":22,"column":2},"end":{"line":22,"column":32}},"9":{"start":{"line":26,"column":37},"end":{"line":26,"column":45}},"10":{"start":{"line":28,"column":2},"end":{"line":38,"column":3}},"11":{"start":{"line":29,"column":4},"end":{"line":32,"column":6}},"12":{"start":{"line":33,"column":9},"end":{"line":38,"column":3}},"13":{"start":{"line":34,"column":4},"end":{"line":37,"column":6}},"14":{"start":{"line":40,"column":2},"end":{"line":40,"column":18}},"15":{"start":{"line":44,"column":37},"end":{"line":44,"column":48}},"16":{"start":{"line":46,"column":2},"end":{"line":55,"column":3}},"17":{"start":{"line":47,"column":16},"end":{"line":47,"column":46}},"18":{"start":{"line":49,"column":19},"end":{"line":52,"column":5}},"19":{"start":{"line":54,"column":4},"end":{"line":54,"column":20}},"20":{"start":{"line":57,"column":2},"end":{"line":57,"column":21}},"21":{"start":{"line":61,"column":23},"end":{"line":61,"column":44}},"22":{"start":{"line":62,"column":23},"end":{"line":62,"column":44}},"23":{"start":{"line":63,"column":14},"end":{"line":63,"column":48}},"24":{"start":{"line":64,"column":16},"end":{"line":64,"column":34}},"25":{"start":{"line":65,"column":16},"end":{"line":65,"column":34}},"26":{"start":{"line":67,"column":21},"end":{"line":67,"column":48}},"27":{"start":{"line":68,"column":21},"end":{"line":68,"column":48}},"28":{"start":{"line":70,"column":2},"end":{"line":79,"column":4}},"29":{"start":{"line":83,"column":17},"end":{"line":83,"column":25}},"30":{"start":{"line":85,"column":16},"end":{"line":85,"column":55}},"31":{"start":{"line":87,"column":2},"end":{"line":87,"column":15}}},"fnMap":{"0":{"name":"getGCD","decl":{"start":{"line":1,"column":16},"end":{"line":1,"column":22}},"loc":{"start":{"line":1,"column":29},"end":{"line":15,"column":1}},"line":1},"1":{"name":"getLCM","decl":{"start":{"line":17,"column":16},"end":{"line":17,"column":22}},"loc":{"start":{"line":17,"column":29},"end":{"line":23,"column":1}},"line":17},"2":{"name":"adjustNegative","decl":{"start":{"line":25,"column":16},"end":{"line":25,"column":30}},"loc":{"start":{"line":25,"column":41},"end":{"line":41,"column":1}},"line":25},"3":{"name":"reduceFraction","decl":{"start":{"line":43,"column":16},"end":{"line":43,"column":30}},"loc":{"start":{"line":43,"column":44},"end":{"line":58,"column":1}},"line":43},"4":{"name":"reduceFractionToACommonDenominator","decl":{"start":{"line":60,"column":16},"end":{"line":60,"column":50}},"loc":{"start":{"line":60,"column":73},"end":{"line":80,"column":1}},"line":60},"5":{"name":"getDecimalsCount","decl":{"start":{"line":82,"column":16},"end":{"line":82,"column":32}},"loc":{"start":{"line":82,"column":38},"end":{"line":88,"column":1}},"line":82}},"branchMap":{"0":{"loc":{"start":{"line":28,"column":2},"end":{"line":38,"column":3}},"type":"if","locations":[{"start":{"line":28,"column":2},"end":{"line":38,"column":3}},{"start":{"line":28,"column":2},"end":{"line":38,"column":3}}],"line":28},"1":{"loc":{"start":{"line":28,"column":6},"end":{"line":28,"column":38}},"type":"binary-expr","locations":[{"start":{"line":28,"column":6},"end":{"line":28,"column":19}},{"start":{"line":28,"column":23},"end":{"line":28,"column":38}}],"line":28},"2":{"loc":{"start":{"line":33,"column":9},"end":{"line":38,"column":3}},"type":"if","locations":[{"start":{"line":33,"column":9},"end":{"line":38,"column":3}},{"start":{"line":33,"column":9},"end":{"line":38,"column":3}}],"line":33},"3":{"loc":{"start":{"line":33,"column":13},"end":{"line":33,"column":45}},"type":"binary-expr","locations":[{"start":{"line":33,"column":13},"end":{"line":33,"column":26}},{"start":{"line":33,"column":30},"end":{"line":33,"column":45}}],"line":33},"4":{"loc":{"start":{"line":46,"column":2},"end":{"line":55,"column":3}},"type":"if","locations":[{"start":{"line":46,"column":2},"end":{"line":55,"column":3}},{"start":{"line":46,"column":2},"end":{"line":55,"column":3}}],"line":46},"5":{"loc":{"start":{"line":46,"column":6},"end":{"line":46,"column":64}},"type":"binary-expr","locations":[{"start":{"line":46,"column":6},"end":{"line":46,"column":32}},{"start":{"line":46,"column":36},"end":{"line":46,"column":64}}],"line":46}},"s":{"0":215,"1":215,"2":215,"3":215,"4":648,"5":648,"6":648,"7":215,"8":64,"9":227,"10":227,"11":3,"12":224,"13":78,"14":146,"15":145,"16":145,"17":144,"18":144,"19":144,"20":1,"21":58,"22":58,"23":58,"24":58,"25":58,"26":58,"27":58,"28":58,"29":45,"30":45,"31":45},"f":{"0":215,"1":64,"2":227,"3":145,"4":58,"5":45},"b":{"0":[3,224],"1":[227,72],"2":[78,146],"3":[224,155],"4":[144,1],"5":[145,144]},"_coverageSchema":"43e27e138ebf9cfc5966b082cf9a028302ed4184","hash":"1b901b7e331b3f2e3768e6c085a27f965c386d9b"}
}
