{"/Users/djiang/Code/Mine/fraction calculator/src/index.js": {"path":"/Users/djiang/Code/Mine/fraction calculator/src/index.js","statementMap":{"0":{"start":{"line":9,"column":2},"end":{"line":9,"column":48}},"1":{"start":{"line":12,"column":0},"end":{"line":12,"column":58}},"2":{"start":{"line":14,"column":0},"end":{"line":16,"column":2}},"3":{"start":{"line":15,"column":2},"end":{"line":15,"column":57}},"4":{"start":{"line":17,"column":0},"end":{"line":17,"column":61}},"5":{"start":{"line":20,"column":21},"end":{"line":30,"column":1}},"6":{"start":{"line":21,"column":2},"end":{"line":27,"column":3}},"7":{"start":{"line":22,"column":4},"end":{"line":22,"column":41}},"8":{"start":{"line":23,"column":9},"end":{"line":27,"column":3}},"9":{"start":{"line":24,"column":4},"end":{"line":24,"column":41}},"10":{"start":{"line":25,"column":9},"end":{"line":27,"column":3}},"11":{"start":{"line":26,"column":4},"end":{"line":26,"column":27}},"12":{"start":{"line":29,"column":2},"end":{"line":29,"column":53}},"13":{"start":{"line":33,"column":0},"end":{"line":33,"column":46}},"14":{"start":{"line":35,"column":0},"end":{"line":48,"column":2}},"15":{"start":{"line":38,"column":6},"end":{"line":38,"column":10}},"16":{"start":{"line":40,"column":2},"end":{"line":42,"column":3}},"17":{"start":{"line":41,"column":4},"end":{"line":41,"column":15}},"18":{"start":{"line":44,"column":2},"end":{"line":46,"column":3}},"19":{"start":{"line":45,"column":4},"end":{"line":45,"column":26}},"20":{"start":{"line":47,"column":2},"end":{"line":47,"column":39}},"21":{"start":{"line":50,"column":0},"end":{"line":56,"column":2}},"22":{"start":{"line":53,"column":6},"end":{"line":53,"column":10}},"23":{"start":{"line":55,"column":2},"end":{"line":55,"column":46}},"24":{"start":{"line":59,"column":0},"end":{"line":77,"column":2}},"25":{"start":{"line":60,"column":20},"end":{"line":60,"column":33}},"26":{"start":{"line":61,"column":20},"end":{"line":61,"column":35}},"27":{"start":{"line":62,"column":25},"end":{"line":65,"column":3}},"28":{"start":{"line":67,"column":26},"end":{"line":67,"column":50}},"29":{"start":{"line":68,"column":26},"end":{"line":68,"column":50}},"30":{"start":{"line":70,"column":17},"end":{"line":73,"column":3}},"31":{"start":{"line":75,"column":2},"end":{"line":75,"column":41}},"32":{"start":{"line":76,"column":2},"end":{"line":76,"column":14}},"33":{"start":{"line":79,"column":0},"end":{"line":84,"column":2}},"34":{"start":{"line":80,"column":20},"end":{"line":80,"column":35}},"35":{"start":{"line":81,"column":2},"end":{"line":81,"column":45}},"36":{"start":{"line":83,"column":2},"end":{"line":83,"column":70}},"37":{"start":{"line":86,"column":0},"end":{"line":97,"column":2}},"38":{"start":{"line":87,"column":20},"end":{"line":87,"column":33}},"39":{"start":{"line":88,"column":20},"end":{"line":88,"column":35}},"40":{"start":{"line":90,"column":17},"end":{"line":93,"column":3}},"41":{"start":{"line":95,"column":2},"end":{"line":95,"column":41}},"42":{"start":{"line":96,"column":2},"end":{"line":96,"column":14}},"43":{"start":{"line":99,"column":0},"end":{"line":104,"column":2}},"44":{"start":{"line":100,"column":20},"end":{"line":100,"column":35}},"45":{"start":{"line":101,"column":37},"end":{"line":101,"column":46}},"46":{"start":{"line":103,"column":2},"end":{"line":103,"column":51}}},"fnMap":{"0":{"name":"FractionCalculator","decl":{"start":{"line":8,"column":9},"end":{"line":8,"column":27}},"loc":{"start":{"line":8,"column":36},"end":{"line":10,"column":1}},"line":8},"1":{"name":"(anonymous_1)","decl":{"start":{"line":14,"column":29},"end":{"line":14,"column":30}},"loc":{"start":{"line":14,"column":46},"end":{"line":16,"column":1}},"line":14},"2":{"name":"(anonymous_2)","decl":{"start":{"line":20,"column":21},"end":{"line":20,"column":22}},"loc":{"start":{"line":20,"column":38},"end":{"line":30,"column":1}},"line":20},"3":{"name":"(anonymous_3)","decl":{"start":{"line":35,"column":33},"end":{"line":35,"column":34}},"loc":{"start":{"line":35,"column":44},"end":{"line":48,"column":1}},"line":35},"4":{"name":"(anonymous_4)","decl":{"start":{"line":50,"column":32},"end":{"line":50,"column":33}},"loc":{"start":{"line":50,"column":44},"end":{"line":56,"column":1}},"line":50},"5":{"name":"(anonymous_5)","decl":{"start":{"line":59,"column":29},"end":{"line":59,"column":30}},"loc":{"start":{"line":59,"column":41},"end":{"line":77,"column":1}},"line":59},"6":{"name":"(anonymous_6)","decl":{"start":{"line":79,"column":30},"end":{"line":79,"column":31}},"loc":{"start":{"line":79,"column":42},"end":{"line":84,"column":1}},"line":79},"7":{"name":"(anonymous_7)","decl":{"start":{"line":86,"column":30},"end":{"line":86,"column":31}},"loc":{"start":{"line":86,"column":42},"end":{"line":97,"column":1}},"line":86},"8":{"name":"(anonymous_8)","decl":{"start":{"line":99,"column":34},"end":{"line":99,"column":35}},"loc":{"start":{"line":99,"column":46},"end":{"line":104,"column":1}},"line":99}},"branchMap":{"0":{"loc":{"start":{"line":21,"column":2},"end":{"line":27,"column":3}},"type":"if","locations":[{"start":{"line":21,"column":2},"end":{"line":27,"column":3}},{"start":{"line":21,"column":2},"end":{"line":27,"column":3}}],"line":21},"1":{"loc":{"start":{"line":23,"column":9},"end":{"line":27,"column":3}},"type":"if","locations":[{"start":{"line":23,"column":9},"end":{"line":27,"column":3}},{"start":{"line":23,"column":9},"end":{"line":27,"column":3}}],"line":23},"2":{"loc":{"start":{"line":25,"column":9},"end":{"line":27,"column":3}},"type":"if","locations":[{"start":{"line":25,"column":9},"end":{"line":27,"column":3}},{"start":{"line":25,"column":9},"end":{"line":27,"column":3}}],"line":25},"3":{"loc":{"start":{"line":40,"column":2},"end":{"line":42,"column":3}},"type":"if","locations":[{"start":{"line":40,"column":2},"end":{"line":42,"column":3}},{"start":{"line":40,"column":2},"end":{"line":42,"column":3}}],"line":40},"4":{"loc":{"start":{"line":44,"column":2},"end":{"line":46,"column":3}},"type":"if","locations":[{"start":{"line":44,"column":2},"end":{"line":46,"column":3}},{"start":{"line":44,"column":2},"end":{"line":46,"column":3}}],"line":44}},"s":{"0":47,"1":1,"2":1,"3":47,"4":1,"5":1,"6":102,"7":39,"8":63,"9":60,"10":3,"11":2,"12":1,"13":1,"14":1,"15":33,"16":33,"17":9,"18":24,"19":1,"20":23,"21":1,"22":2,"23":2,"24":1,"25":15,"26":15,"27":15,"28":15,"29":15,"30":15,"31":15,"32":15,"33":1,"34":9,"35":9,"36":9,"37":1,"38":20,"39":20,"40":20,"41":20,"42":20,"43":1,"44":11,"45":11,"46":11},"f":{"0":47,"1":47,"2":102,"3":33,"4":2,"5":15,"6":9,"7":20,"8":11},"b":{"0":[39,63],"1":[60,3],"2":[2,1],"3":[9,24],"4":[1,23]},"_coverageSchema":"43e27e138ebf9cfc5966b082cf9a028302ed4184","hash":"a15e977dc931905825237a1512233055adfa2fc3"}
,"/Users/djiang/Code/Mine/fraction calculator/src/utils.js": {"path":"/Users/djiang/Code/Mine/fraction calculator/src/utils.js","statementMap":{"0":{"start":{"line":4,"column":12},"end":{"line":4,"column":17}},"1":{"start":{"line":6,"column":2},"end":{"line":10,"column":3}},"2":{"start":{"line":7,"column":4},"end":{"line":7,"column":10}},"3":{"start":{"line":8,"column":4},"end":{"line":8,"column":12}},"4":{"start":{"line":9,"column":4},"end":{"line":9,"column":16}},"5":{"start":{"line":12,"column":2},"end":{"line":12,"column":11}},"6":{"start":{"line":20,"column":2},"end":{"line":20,"column":32}},"7":{"start":{"line":24,"column":2},"end":{"line":24,"column":30}},"8":{"start":{"line":28,"column":37},"end":{"line":28,"column":45}},"9":{"start":{"line":30,"column":2},"end":{"line":40,"column":3}},"10":{"start":{"line":31,"column":4},"end":{"line":34,"column":6}},"11":{"start":{"line":35,"column":9},"end":{"line":40,"column":3}},"12":{"start":{"line":36,"column":4},"end":{"line":39,"column":6}},"13":{"start":{"line":42,"column":2},"end":{"line":42,"column":18}},"14":{"start":{"line":46,"column":37},"end":{"line":46,"column":48}},"15":{"start":{"line":47,"column":14},"end":{"line":47,"column":44}},"16":{"start":{"line":49,"column":17},"end":{"line":52,"column":3}},"17":{"start":{"line":54,"column":2},"end":{"line":54,"column":38}},"18":{"start":{"line":56,"column":2},"end":{"line":56,"column":18}},"19":{"start":{"line":60,"column":23},"end":{"line":60,"column":44}},"20":{"start":{"line":61,"column":23},"end":{"line":61,"column":44}},"21":{"start":{"line":62,"column":14},"end":{"line":62,"column":48}},"22":{"start":{"line":63,"column":16},"end":{"line":63,"column":34}},"23":{"start":{"line":64,"column":16},"end":{"line":64,"column":34}},"24":{"start":{"line":66,"column":21},"end":{"line":66,"column":48}},"25":{"start":{"line":67,"column":21},"end":{"line":67,"column":48}},"26":{"start":{"line":69,"column":2},"end":{"line":78,"column":4}},"27":{"start":{"line":82,"column":17},"end":{"line":82,"column":25}},"28":{"start":{"line":84,"column":16},"end":{"line":84,"column":55}},"29":{"start":{"line":86,"column":2},"end":{"line":86,"column":15}},"30":{"start":{"line":90,"column":15},"end":{"line":90,"column":26}},"31":{"start":{"line":92,"column":2},"end":{"line":94,"column":3}},"32":{"start":{"line":93,"column":4},"end":{"line":93,"column":58}},"33":{"start":{"line":96,"column":2},"end":{"line":111,"column":3}},"34":{"start":{"line":97,"column":4},"end":{"line":100,"column":6}},"35":{"start":{"line":102,"column":26},"end":{"line":102,"column":47}},"36":{"start":{"line":103,"column":19},"end":{"line":106,"column":5}},"37":{"start":{"line":108,"column":4},"end":{"line":108,"column":40}},"38":{"start":{"line":110,"column":4},"end":{"line":110,"column":20}},"39":{"start":{"line":115,"column":17},"end":{"line":117,"column":15}},"40":{"start":{"line":118,"column":17},"end":{"line":118,"column":30}},"41":{"start":{"line":120,"column":2},"end":{"line":133,"column":3}},"42":{"start":{"line":121,"column":4},"end":{"line":121,"column":44}},"43":{"start":{"line":122,"column":9},"end":{"line":133,"column":3}},"44":{"start":{"line":123,"column":4},"end":{"line":123,"column":53}},"45":{"start":{"line":125,"column":19},"end":{"line":128,"column":5}},"46":{"start":{"line":130,"column":4},"end":{"line":130,"column":40}},"47":{"start":{"line":132,"column":4},"end":{"line":132,"column":20}}},"fnMap":{"0":{"name":"getGCD","decl":{"start":{"line":1,"column":16},"end":{"line":1,"column":22}},"loc":{"start":{"line":1,"column":29},"end":{"line":13,"column":1}},"line":1},"1":{"name":"getLCM","decl":{"start":{"line":15,"column":16},"end":{"line":15,"column":22}},"loc":{"start":{"line":15,"column":29},"end":{"line":21,"column":1}},"line":15},"2":{"name":"getAbsoluteValue","decl":{"start":{"line":23,"column":16},"end":{"line":23,"column":32}},"loc":{"start":{"line":23,"column":38},"end":{"line":25,"column":1}},"line":23},"3":{"name":"adjustNegative","decl":{"start":{"line":27,"column":16},"end":{"line":27,"column":30}},"loc":{"start":{"line":27,"column":41},"end":{"line":43,"column":1}},"line":27},"4":{"name":"reduceFraction","decl":{"start":{"line":45,"column":16},"end":{"line":45,"column":30}},"loc":{"start":{"line":45,"column":44},"end":{"line":57,"column":1}},"line":45},"5":{"name":"reduceFractionToACommonDenominator","decl":{"start":{"line":59,"column":16},"end":{"line":59,"column":50}},"loc":{"start":{"line":59,"column":73},"end":{"line":79,"column":1}},"line":59},"6":{"name":"getDecimalsCount","decl":{"start":{"line":81,"column":16},"end":{"line":81,"column":32}},"loc":{"start":{"line":81,"column":38},"end":{"line":87,"column":1}},"line":81},"7":{"name":"getFractionFromNumber","decl":{"start":{"line":89,"column":16},"end":{"line":89,"column":37}},"loc":{"start":{"line":89,"column":43},"end":{"line":112,"column":1}},"line":89},"8":{"name":"getFractionFromString","decl":{"start":{"line":114,"column":16},"end":{"line":114,"column":37}},"loc":{"start":{"line":114,"column":43},"end":{"line":134,"column":1}},"line":114}},"branchMap":{"0":{"loc":{"start":{"line":24,"column":9},"end":{"line":24,"column":29}},"type":"cond-expr","locations":[{"start":{"line":24,"column":19},"end":{"line":24,"column":23}},{"start":{"line":24,"column":26},"end":{"line":24,"column":29}}],"line":24},"1":{"loc":{"start":{"line":30,"column":2},"end":{"line":40,"column":3}},"type":"if","locations":[{"start":{"line":30,"column":2},"end":{"line":40,"column":3}},{"start":{"line":30,"column":2},"end":{"line":40,"column":3}}],"line":30},"2":{"loc":{"start":{"line":30,"column":6},"end":{"line":30,"column":38}},"type":"binary-expr","locations":[{"start":{"line":30,"column":6},"end":{"line":30,"column":19}},{"start":{"line":30,"column":23},"end":{"line":30,"column":38}}],"line":30},"3":{"loc":{"start":{"line":35,"column":9},"end":{"line":40,"column":3}},"type":"if","locations":[{"start":{"line":35,"column":9},"end":{"line":40,"column":3}},{"start":{"line":35,"column":9},"end":{"line":40,"column":3}}],"line":35},"4":{"loc":{"start":{"line":35,"column":13},"end":{"line":35,"column":45}},"type":"binary-expr","locations":[{"start":{"line":35,"column":13},"end":{"line":35,"column":26}},{"start":{"line":35,"column":30},"end":{"line":35,"column":45}}],"line":35},"5":{"loc":{"start":{"line":92,"column":2},"end":{"line":94,"column":3}},"type":"if","locations":[{"start":{"line":92,"column":2},"end":{"line":94,"column":3}},{"start":{"line":92,"column":2},"end":{"line":94,"column":3}}],"line":92},"6":{"loc":{"start":{"line":96,"column":2},"end":{"line":111,"column":3}},"type":"if","locations":[{"start":{"line":96,"column":2},"end":{"line":111,"column":3}},{"start":{"line":96,"column":2},"end":{"line":111,"column":3}}],"line":96},"7":{"loc":{"start":{"line":120,"column":2},"end":{"line":133,"column":3}},"type":"if","locations":[{"start":{"line":120,"column":2},"end":{"line":133,"column":3}},{"start":{"line":120,"column":2},"end":{"line":133,"column":3}}],"line":120},"8":{"loc":{"start":{"line":122,"column":9},"end":{"line":133,"column":3}},"type":"if","locations":[{"start":{"line":122,"column":9},"end":{"line":133,"column":3}},{"start":{"line":122,"column":9},"end":{"line":133,"column":3}}],"line":122}},"s":{"0":146,"1":146,"2":146,"3":146,"4":146,"5":146,"6":18,"7":108,"8":126,"9":126,"10":1,"11":125,"12":53,"13":72,"14":125,"15":125,"16":125,"17":125,"18":125,"19":15,"20":15,"21":15,"22":15,"23":15,"24":15,"25":15,"26":15,"27":34,"28":34,"29":34,"30":41,"31":41,"32":1,"33":40,"34":9,"35":31,"36":31,"37":31,"38":31,"39":61,"40":61,"41":61,"42":1,"43":60,"44":1,"45":59,"46":59,"47":59},"f":{"0":146,"1":18,"2":108,"3":126,"4":125,"5":15,"6":34,"7":41,"8":61},"b":{"0":[55,53],"1":[1,125],"2":[126,12],"3":[53,72],"4":[125,114],"5":[1,40],"6":[9,31],"7":[1,60],"8":[1,59]},"_coverageSchema":"43e27e138ebf9cfc5966b082cf9a028302ed4184","hash":"659237b0a0dfcd9c68dd83b131a62d713299d730"}
}
