TN:
SF:/Users/djiang/Code/Mine/fraction calculator/src/index.js
FN:11,FractionCalculator
FN:17,(anonymous_1)
FN:24,_getFractionFromNumber
FN:47,_getFractionFromCycleNumber
FN:82,_getFractionFromString
FN:144,(anonymous_5)
FN:174,(anonymous_6)
FN:182,(anonymous_7)
FN:191,(anonymous_8)
FN:220,(anonymous_9)
FN:228,(anonymous_10)
FN:236,(anonymous_11)
FN:261,(anonymous_12)
FN:282,(anonymous_13)
FN:289,(anonymous_14)
FN:305,(anonymous_15)
FN:312,(anonymous_16)
FN:352,(anonymous_17)
FN:364,(anonymous_18)
FN:374,(anonymous_19)
FN:384,(anonymous_20)
FN:399,(anonymous_21)
FN:403,(anonymous_22)
FN:416,(anonymous_23)
FN:429,(anonymous_24)
FN:442,(anonymous_25)
FN:448,(anonymous_26)
FN:454,(anonymous_27)
FN:460,(anonymous_28)
FNF:29
FNH:29
FNDA:175,FractionCalculator
FNDA:175,(anonymous_1)
FNDA:81,_getFractionFromNumber
FNDA:18,_getFractionFromCycleNumber
FNDA:218,_getFractionFromString
FNDA:308,(anonymous_5)
FNDA:5,(anonymous_6)
FNDA:4,(anonymous_7)
FNDA:79,(anonymous_8)
FNDA:2,(anonymous_9)
FNDA:9,(anonymous_10)
FNDA:34,(anonymous_11)
FNDA:66,(anonymous_12)
FNDA:21,(anonymous_13)
FNDA:29,(anonymous_14)
FNDA:17,(anonymous_15)
FNDA:14,(anonymous_16)
FNDA:5,(anonymous_17)
FNDA:2,(anonymous_18)
FNDA:2,(anonymous_19)
FNDA:2,(anonymous_20)
FNDA:4,(anonymous_21)
FNDA:2,(anonymous_22)
FNDA:2,(anonymous_23)
FNDA:2,(anonymous_24)
FNDA:3,(anonymous_25)
FNDA:3,(anonymous_26)
FNDA:3,(anonymous_27)
FNDA:3,(anonymous_28)
DA:12,175
DA:15,1
DA:17,1
DA:18,175
DA:20,1
DA:25,81
DA:27,81
DA:28,1
DA:31,80
DA:32,38
DA:37,42
DA:38,42
DA:43,42
DA:48,18
DA:49,18
DA:50,18
DA:51,18
DA:52,18
DA:53,18
DA:54,18
DA:56,18
DA:57,18
DA:59,18
DA:60,18
DA:61,44
DA:63,18
DA:64,18
DA:66,18
DA:72,18
DA:74,18
DA:79,18
DA:83,218
DA:84,218
DA:85,218
DA:86,218
DA:87,74
DA:88,74
DA:89,144
DA:90,1
DA:94,218
DA:95,218
DA:96,218
DA:97,8
DA:98,210
DA:99,10
DA:102,200
DA:104,200
DA:105,8
DA:106,8
DA:107,8
DA:110,200
DA:111,200
DA:113,200
DA:114,8
DA:115,8
DA:116,8
DA:121,8
DA:123,8
DA:125,192
DA:127,192
DA:128,5
DA:129,187
DA:130,1
DA:132,186
DA:137,186
DA:139,186
DA:144,1
DA:145,308
DA:150,4
DA:155,4
DA:157,4
DA:158,304
DA:159,76
DA:160,228
DA:161,218
DA:162,10
DA:163,9
DA:166,1
DA:170,1
DA:173,1
DA:174,1
DA:175,5
DA:176,4
DA:179,1
DA:182,1
DA:183,4
DA:184,3
DA:187,1
DA:191,1
DA:192,79
DA:194,79
DA:195,78
DA:198,79
DA:200,79
DA:201,11
DA:204,68
DA:205,4
DA:208,64
DA:209,8
DA:210,8
DA:212,8
DA:213,5
DA:217,59
DA:220,1
DA:223,2
DA:225,2
DA:228,1
DA:231,9
DA:233,9
DA:236,1
DA:237,34
DA:239,34
DA:241,34
DA:242,34
DA:243,34
DA:244,17
DA:245,17
DA:248,34
DA:249,34
DA:251,34
DA:252,34
DA:253,2
DA:256,32
DA:258,32
DA:261,1
DA:262,66
DA:263,66
DA:264,66
DA:269,66
DA:270,66
DA:272,66
DA:277,66
DA:279,66
DA:282,1
DA:283,21
DA:284,21
DA:286,21
DA:289,1
DA:290,29
DA:291,29
DA:293,29
DA:298,29
DA:300,29
DA:302,29
DA:305,1
DA:306,17
DA:307,17
DA:309,17
DA:312,1
DA:315,14
DA:317,14
DA:318,14
DA:321,14
DA:322,13
DA:323,3
DA:328,10
DA:334,13
DA:335,1
DA:339,12
DA:340,1
DA:343,12
DA:344,12
DA:346,12
DA:348,1
DA:352,1
DA:355,5
DA:357,5
DA:358,1
DA:361,4
DA:364,1
DA:367,2
DA:369,2
DA:371,2
DA:374,1
DA:377,2
DA:379,2
DA:381,2
DA:384,1
DA:387,2
DA:389,2
DA:394,2
DA:396,2
DA:399,1
DA:400,4
DA:403,1
DA:406,2
DA:408,2
DA:413,2
DA:416,1
DA:419,2
DA:421,2
DA:426,2
DA:429,1
DA:432,2
DA:434,2
DA:439,2
DA:442,1
DA:443,3
DA:445,3
DA:448,1
DA:449,3
DA:451,3
DA:454,1
DA:455,3
DA:457,3
DA:460,1
DA:461,3
DA:464,3
DA:465,3
DA:466,3
DA:468,3
LF:211
LH:211
BRDA:27,0,0,1
BRDA:27,0,1,80
BRDA:31,1,0,38
BRDA:31,1,1,42
BRDA:49,2,0,18
BRDA:49,2,1,2
BRDA:75,3,0,9
BRDA:75,3,1,9
BRDA:86,4,0,74
BRDA:86,4,1,144
BRDA:89,5,0,1
BRDA:89,5,1,143
BRDA:96,6,0,8
BRDA:96,6,1,210
BRDA:98,7,0,10
BRDA:98,7,1,200
BRDA:104,8,0,8
BRDA:104,8,1,192
BRDA:113,9,0,8
BRDA:113,9,1,192
BRDA:115,10,0,4
BRDA:115,10,1,4
BRDA:125,11,0,131
BRDA:125,11,1,61
BRDA:127,12,0,5
BRDA:127,12,1,187
BRDA:129,13,0,1
BRDA:129,13,1,186
BRDA:145,14,0,4
BRDA:145,14,1,304
BRDA:146,15,0,308
BRDA:146,15,1,80
BRDA:146,15,2,5
BRDA:158,16,0,76
BRDA:158,16,1,228
BRDA:160,17,0,218
BRDA:160,17,1,10
BRDA:162,18,0,9
BRDA:162,18,1,1
BRDA:175,19,0,4
BRDA:175,19,1,1
BRDA:175,20,0,5
BRDA:175,20,1,5
BRDA:183,21,0,3
BRDA:183,21,1,1
BRDA:183,22,0,4
BRDA:183,22,1,4
BRDA:191,23,0,71
BRDA:194,24,0,78
BRDA:194,24,1,1
BRDA:200,25,0,11
BRDA:200,25,1,68
BRDA:204,26,0,4
BRDA:204,26,1,64
BRDA:208,27,0,8
BRDA:208,27,1,56
BRDA:212,28,0,5
BRDA:212,28,1,3
BRDA:243,29,0,17
BRDA:243,29,1,17
BRDA:251,30,0,17
BRDA:251,30,1,17
BRDA:252,31,0,2
BRDA:252,31,1,32
BRDA:321,32,0,13
BRDA:321,32,1,1
BRDA:321,33,0,14
BRDA:321,33,1,2
BRDA:322,34,0,3
BRDA:322,34,1,10
BRDA:334,35,0,1
BRDA:334,35,1,12
BRDA:339,36,0,1
BRDA:339,36,1,11
BRDA:357,37,0,1
BRDA:357,37,1,4
BRF:76
BRH:76
end_of_record
TN:
SF:/Users/djiang/Code/Mine/fraction calculator/src/utils.js
FN:1,getGCD
FN:17,getLCM
FN:25,adjustNegative
FN:43,reduceFraction
FN:56,reduceFractionToACommonDenominator
FN:78,getDecimalsCount
FN:86,getDecimalsFromFraction
FNF:7
FNH:7
FNDA:191,getGCD
FNDA:72,getLCM
FNDA:242,adjustNegative
FNDA:112,reduceFraction
FNDA:66,reduceFractionToACommonDenominator
FNDA:45,getDecimalsCount
FNDA:32,getDecimalsFromFraction
DA:4,191
DA:5,191
DA:6,191
DA:8,191
DA:9,526
DA:10,526
DA:11,526
DA:14,191
DA:22,72
DA:26,242
DA:28,242
DA:29,4
DA:33,238
DA:34,80
DA:40,158
DA:44,112
DA:46,112
DA:48,112
DA:53,112
DA:57,66
DA:58,66
DA:59,66
DA:60,66
DA:61,66
DA:63,66
DA:64,66
DA:66,66
DA:79,45
DA:81,45
DA:83,45
DA:88,32
DA:89,32
DA:92,32
DA:94,32
DA:95,524
DA:97,524
DA:98,2
DA:101,522
DA:102,522
DA:103,30
DA:104,30
DA:105,30
DA:107,30
DA:110,492
DA:111,492
DA:112,492
DA:114,492
DA:115,492
LF:48
LH:48
BRDA:28,0,0,4
BRDA:28,0,1,238
BRDA:28,1,0,242
BRDA:28,1,1,74
BRDA:33,2,0,80
BRDA:33,2,1,158
BRDA:33,3,0,238
BRDA:33,3,1,168
BRDA:97,4,0,2
BRDA:97,4,1,522
BRDA:102,5,0,30
BRDA:102,5,1,492
BRF:12
BRH:12
end_of_record
