TN:
SF:/Users/djiang/Code/Mine/fraction calculator/src/index.js
FN:10,FractionCalculator
FN:16,(anonymous_1)
FN:23,_getFractionFromNumber
FN:46,_getFractionFromCycleNumber
FN:81,_getFractionFromString
FN:143,(anonymous_5)
FN:160,(anonymous_6)
FN:168,(anonymous_7)
FN:177,(anonymous_8)
FN:206,(anonymous_9)
FN:214,(anonymous_10)
FN:222,(anonymous_11)
FN:243,(anonymous_12)
FN:250,(anonymous_13)
FN:266,(anonymous_14)
FN:273,(anonymous_15)
FN:304,(anonymous_16)
FN:316,(anonymous_17)
FN:326,(anonymous_18)
FN:336,(anonymous_19)
FN:351,(anonymous_20)
FN:355,(anonymous_21)
FN:363,(anonymous_22)
FN:371,(anonymous_23)
FN:379,(anonymous_24)
FN:385,(anonymous_25)
FN:391,(anonymous_26)
FN:397,(anonymous_27)
FNF:28
FNH:28
FNDA:131,FractionCalculator
FNDA:131,(anonymous_1)
FNDA:76,_getFractionFromNumber
FNDA:14,_getFractionFromCycleNumber
FNDA:175,_getFractionFromString
FNDA:256,(anonymous_5)
FNDA:5,(anonymous_6)
FNDA:4,(anonymous_7)
FNDA:74,(anonymous_8)
FNDA:2,(anonymous_9)
FNDA:3,(anonymous_10)
FNDA:58,(anonymous_11)
FNDA:21,(anonymous_12)
FNDA:29,(anonymous_13)
FNDA:17,(anonymous_14)
FNDA:13,(anonymous_15)
FNDA:5,(anonymous_16)
FNDA:2,(anonymous_17)
FNDA:2,(anonymous_18)
FNDA:2,(anonymous_19)
FNDA:4,(anonymous_20)
FNDA:2,(anonymous_21)
FNDA:2,(anonymous_22)
FNDA:2,(anonymous_23)
FNDA:3,(anonymous_24)
FNDA:3,(anonymous_25)
FNDA:3,(anonymous_26)
FNDA:3,(anonymous_27)
DA:11,131
DA:14,1
DA:16,1
DA:17,131
DA:19,1
DA:24,76
DA:26,76
DA:27,1
DA:30,75
DA:31,33
DA:36,42
DA:37,42
DA:42,42
DA:47,14
DA:48,14
DA:49,14
DA:50,14
DA:51,14
DA:52,14
DA:53,14
DA:55,14
DA:56,14
DA:58,14
DA:59,14
DA:60,36
DA:62,14
DA:63,14
DA:65,14
DA:71,14
DA:73,14
DA:78,14
DA:82,175
DA:83,175
DA:84,175
DA:85,175
DA:86,57
DA:87,57
DA:88,118
DA:89,1
DA:93,175
DA:94,175
DA:95,175
DA:96,6
DA:97,169
DA:98,8
DA:101,161
DA:103,161
DA:104,2
DA:105,2
DA:106,2
DA:109,161
DA:110,161
DA:112,161
DA:113,2
DA:114,2
DA:115,2
DA:120,2
DA:122,2
DA:124,159
DA:126,159
DA:127,5
DA:128,154
DA:129,1
DA:131,153
DA:136,153
DA:138,153
DA:143,1
DA:144,256
DA:145,71
DA:146,185
DA:147,175
DA:148,10
DA:149,9
DA:152,1
DA:156,1
DA:159,1
DA:160,1
DA:161,5
DA:162,4
DA:165,1
DA:168,1
DA:169,4
DA:170,3
DA:173,1
DA:177,1
DA:178,74
DA:180,74
DA:181,73
DA:184,74
DA:186,74
DA:187,10
DA:190,64
DA:191,4
DA:194,60
DA:195,8
DA:196,8
DA:198,8
DA:199,5
DA:203,55
DA:206,1
DA:209,2
DA:211,2
DA:214,1
DA:217,3
DA:219,3
DA:222,1
DA:223,58
DA:224,58
DA:225,58
DA:230,58
DA:231,58
DA:233,58
DA:238,58
DA:240,58
DA:243,1
DA:244,21
DA:245,21
DA:247,21
DA:250,1
DA:251,29
DA:252,29
DA:254,29
DA:259,29
DA:261,29
DA:263,29
DA:266,1
DA:267,17
DA:268,17
DA:270,17
DA:273,1
DA:276,13
DA:278,13
DA:279,13
DA:282,13
DA:283,12
DA:284,3
DA:289,9
DA:295,12
DA:296,12
DA:298,12
DA:300,1
DA:304,1
DA:307,5
DA:309,5
DA:310,1
DA:313,4
DA:316,1
DA:319,2
DA:321,2
DA:323,2
DA:326,1
DA:329,2
DA:331,2
DA:333,2
DA:336,1
DA:339,2
DA:341,2
DA:346,2
DA:348,2
DA:351,1
DA:352,4
DA:355,1
DA:358,2
DA:360,2
DA:363,1
DA:366,2
DA:368,2
DA:371,1
DA:374,2
DA:376,2
DA:379,1
DA:380,3
DA:382,3
DA:385,1
DA:386,3
DA:388,3
DA:391,1
DA:392,3
DA:394,3
DA:397,1
DA:398,3
DA:401,3
DA:402,3
DA:403,3
DA:405,3
LF:185
LH:185
BRDA:26,0,0,1
BRDA:26,0,1,75
BRDA:30,1,0,33
BRDA:30,1,1,42
BRDA:48,2,0,14
BRDA:48,2,1,2
BRDA:74,3,0,7
BRDA:74,3,1,7
BRDA:85,4,0,57
BRDA:85,4,1,118
BRDA:88,5,0,1
BRDA:88,5,1,117
BRDA:95,6,0,6
BRDA:95,6,1,169
BRDA:97,7,0,8
BRDA:97,7,1,161
BRDA:103,8,0,2
BRDA:103,8,1,159
BRDA:112,9,0,2
BRDA:112,9,1,159
BRDA:114,10,0,1
BRDA:114,10,1,1
BRDA:124,11,0,110
BRDA:124,11,1,49
BRDA:126,12,0,5
BRDA:126,12,1,154
BRDA:128,13,0,1
BRDA:128,13,1,153
BRDA:144,14,0,71
BRDA:144,14,1,185
BRDA:146,15,0,175
BRDA:146,15,1,10
BRDA:148,16,0,9
BRDA:148,16,1,1
BRDA:161,17,0,4
BRDA:161,17,1,1
BRDA:161,18,0,5
BRDA:161,18,1,5
BRDA:169,19,0,3
BRDA:169,19,1,1
BRDA:169,20,0,4
BRDA:169,20,1,4
BRDA:177,21,0,66
BRDA:180,22,0,73
BRDA:180,22,1,1
BRDA:186,23,0,10
BRDA:186,23,1,64
BRDA:190,24,0,4
BRDA:190,24,1,60
BRDA:194,25,0,8
BRDA:194,25,1,52
BRDA:198,26,0,5
BRDA:198,26,1,3
BRDA:282,27,0,12
BRDA:282,27,1,1
BRDA:282,28,0,13
BRDA:282,28,1,2
BRDA:283,29,0,3
BRDA:283,29,1,9
BRDA:309,30,0,1
BRDA:309,30,1,4
BRF:61
BRH:61
end_of_record
TN:
SF:/Users/djiang/Code/Mine/fraction calculator/src/utils.js
FN:1,getGCD
FN:17,getLCM
FN:25,adjustNegative
FN:43,reduceFraction
FN:60,reduceFractionToACommonDenominator
FN:82,getDecimalsCount
FNF:6
FNH:6
FNDA:143,getGCD
FNDA:64,getLCM
FNDA:199,adjustNegative
FNDA:73,reduceFraction
FNDA:58,reduceFractionToACommonDenominator
FNDA:45,getDecimalsCount
DA:4,143
DA:5,143
DA:6,143
DA:8,143
DA:9,382
DA:10,382
DA:11,382
DA:14,143
DA:22,64
DA:26,199
DA:28,199
DA:29,3
DA:33,196
DA:34,64
DA:40,132
DA:44,73
DA:46,73
DA:47,72
DA:49,72
DA:54,72
DA:57,1
DA:61,58
DA:62,58
DA:63,58
DA:64,58
DA:65,58
DA:67,58
DA:68,58
DA:70,58
DA:83,45
DA:85,45
DA:87,45
LF:32
LH:32
BRDA:28,0,0,3
BRDA:28,0,1,196
BRDA:28,1,0,199
BRDA:28,1,1,58
BRDA:33,2,0,64
BRDA:33,2,1,132
BRDA:33,3,0,196
BRDA:33,3,1,141
BRDA:46,4,0,72
BRDA:46,4,1,1
BRDA:46,5,0,73
BRDA:46,5,1,72
BRF:12
BRH:12
end_of_record
